#
# There is insufficient memory for the Java Runtime Environment to continue.
# Native memory allocation (malloc) failed to allocate 1848016 bytes for Chunk::new
# Possible reasons:
#   The system is out of physical RAM or swap space
#   In 32 bit mode, the process size limit was hit
# Possible solutions:
#   Reduce memory load on the system
#   Increase physical memory or swap space
#   Check if swap backing store is full
#   Use 64 bit Java on a 64 bit OS
#   Decrease Java heap size (-Xmx/-Xms)
#   Decrease number of Java threads
#   Decrease Java thread stack sizes (-Xss)
#   Set larger code cache with -XX:ReservedCodeCacheSize=
# This output file may be truncated or incomplete.
#
#  Out of Memory Error (allocation.cpp:390), pid=17392, tid=11588
#
# JRE version: Java(TM) SE Runtime Environment (8.0_40-b25) (build 1.8.0_40-b25)
# Java VM: Java HotSpot(TM) 64-Bit Server VM (25.40-b25 mixed mode windows-amd64 compressed oops)
# Failed to write core dump. Minidumps are not enabled by default on client versions of Windows
#

---------------  T H R E A D  ---------------

Current thread (0x0000000016f5f800):  JavaThread "C2 CompilerThread0" daemon [_thread_in_native, id=11588, stack(0x0000000017530000,0x0000000017630000)]

Stack: [0x0000000017530000,0x0000000017630000]
Native frames: (J=compiled Java code, j=interpreted, Vv=VM code, C=native code)
V  [jvm.dll+0x32b47a]
V  [jvm.dll+0x2797f3]
V  [jvm.dll+0x27a489]
V  [jvm.dll+0x2717a5]
V  [jvm.dll+0xcb9a2]
V  [jvm.dll+0xcbe6c]
V  [jvm.dll+0x4929a7]
V  [jvm.dll+0x45f94a]
V  [jvm.dll+0x46a73b]
V  [jvm.dll+0x46cd52]
V  [jvm.dll+0x4500d2]
V  [jvm.dll+0xa4312]
V  [jvm.dll+0xa4c4f]
V  [jvm.dll+0x241914]
V  [jvm.dll+0x29848a]
C  [msvcr100.dll+0x21d9f]
C  [msvcr100.dll+0x21e3b]
C  [KERNEL32.DLL+0x18102]
C  [ntdll.dll+0x5c5b4]


Current CompileTask:
C2:   2237 1044   !   4       java.net.URLClassLoader$1::run (63 bytes)


---------------  P R O C E S S  ---------------

Java Threads: ( => current thread )
  0x0000000016ffb000 JavaThread "Service Thread" daemon [_thread_blocked, id=160, stack(0x0000000017930000,0x0000000017a30000)]
  0x0000000014f5b000 JavaThread "C1 CompilerThread3" daemon [_thread_blocked, id=13660, stack(0x0000000017830000,0x0000000017930000)]
  0x0000000016f65800 JavaThread "C2 CompilerThread2" daemon [_thread_in_native, id=24644, stack(0x0000000017730000,0x0000000017830000)]
  0x0000000016f63000 JavaThread "C2 CompilerThread1" daemon [_thread_in_native, id=21776, stack(0x0000000017630000,0x0000000017730000)]
=>0x0000000016f5f800 JavaThread "C2 CompilerThread0" daemon [_thread_in_native, id=11588, stack(0x0000000017530000,0x0000000017630000)]
  0x0000000016f6e800 JavaThread "Attach Listener" daemon [_thread_blocked, id=33240, stack(0x0000000017430000,0x0000000017530000)]
  0x0000000016f6c000 JavaThread "Signal Dispatcher" daemon [_thread_blocked, id=6696, stack(0x0000000017330000,0x0000000017430000)]
  0x000000000240c000 JavaThread "Finalizer" daemon [_thread_blocked, id=29592, stack(0x0000000016e20000,0x0000000016f20000)]
  0x0000000014f4d000 JavaThread "Reference Handler" daemon [_thread_blocked, id=5568, stack(0x0000000016d20000,0x0000000016e20000)]
  0x0000000002313800 JavaThread "main" [_thread_in_Java, id=21932, stack(0x0000000002210000,0x0000000002310000)]

Other Threads:
  0x0000000014f48800 VMThread [stack: 0x0000000016c20000,0x0000000016d20000] [id=35000]
  0x0000000016ffd800 WatcherThread [stack: 0x0000000017a30000,0x0000000017b30000] [id=16984]

VM state:not at safepoint (normal execution)

VM Mutex/Monitor currently owned by a thread: None

Heap:
 PSYoungGen      total 54272K, used 23010K [0x00000000eab00000, 0x00000000ef500000, 0x0000000100000000)
  eden space 50176K, 37% used [0x00000000eab00000,0x00000000ebd78ed8,0x00000000edc00000)
  from space 4096K, 99% used [0x00000000ef100000,0x00000000ef4ffa90,0x00000000ef500000)
  to   space 5120K, 0% used [0x00000000eeb00000,0x00000000eeb00000,0x00000000ef000000)
 ParOldGen       total 87552K, used 6570K [0x00000000c0000000, 0x00000000c5580000, 0x00000000eab00000)
  object space 87552K, 7% used [0x00000000c0000000,0x00000000c066ab38,0x00000000c5580000)
 Metaspace       used 26579K, capacity 26860K, committed 27136K, reserved 1071104K
  class space    used 4964K, capacity 5066K, committed 5120K, reserved 1048576K

Card table byte_map: [0x00000000117d0000,0x00000000119e0000] byte_map_base: 0x00000000111d0000

Marking Bits: (ParMarkBitMap*) 0x000000006bc64040
 Begin Bits: [0x0000000012340000, 0x0000000013340000)
 End Bits:   [0x0000000013340000, 0x0000000014340000)

Polling page: 0x0000000000af0000

CodeCache: size=245760Kb used=6056Kb max_used=6056Kb free=239703Kb
 bounds [0x0000000002410000, 0x0000000002a00000, 0x0000000011410000]
 total_blobs=2586 nmethods=2189 adapters=307
 compilation: enabled

Compilation events (10 events):
Event: 1.868 Thread 0x0000000014f5b000 nmethod 1614 0x00000000028b1f50 code [0x00000000028b20c0, 0x00000000028b2308]
Event: 1.868 Thread 0x0000000014f5b000 1615       3       scala.collection.mutable.FlatHashTable$class::containsEntry (14 bytes)
Event: 1.868 Thread 0x0000000014f5b000 nmethod 1615 0x00000000028b23d0 code [0x00000000028b2540, 0x00000000028b2708]
Event: 1.870 Thread 0x0000000014f5b000 1617       3       scala.reflect.internal.SymbolTable::definitions (19 bytes)
Event: 1.870 Thread 0x0000000014f5b000 nmethod 1617 0x00000000028b2790 code [0x00000000028b2920, 0x00000000028b2e48]
Event: 1.870 Thread 0x0000000014f5b000 1618       3       scala.reflect.internal.Symbols$TypeSymbol::name (5 bytes)
Event: 1.870 Thread 0x0000000014f5b000 nmethod 1618 0x00000000028b3010 code [0x00000000028b3180, 0x00000000028b3388]
Event: 1.873 Thread 0x0000000014f5b000 1619       3       java.util.LinkedHashMap$LinkedHashIterator::nextNode (54 bytes)
Event: 1.873 Thread 0x0000000014f5b000 nmethod 1619 0x00000000028b3410 code [0x00000000028b35a0, 0x00000000028b38d8]
Event: 1.874 Thread 0x0000000016f65800 1620       4       scala.reflect.internal.pickling.UnPickler$Scan::isSymbolEntry (43 bytes)

GC Heap History (8 events):
Event: 0.825 GC heap before
{Heap before GC invocations=1 (full 0):
 PSYoungGen      total 38400K, used 33280K [0x00000000eab00000, 0x00000000ed580000, 0x0000000100000000)
  eden space 33280K, 100% used [0x00000000eab00000,0x00000000ecb80000,0x00000000ecb80000)
  from space 5120K, 0% used [0x00000000ed080000,0x00000000ed080000,0x00000000ed580000)
  to   space 5120K, 0% used [0x00000000ecb80000,0x00000000ecb80000,0x00000000ed080000)
 ParOldGen       total 87552K, used 0K [0x00000000c0000000, 0x00000000c5580000, 0x00000000eab00000)
  object space 87552K, 0% used [0x00000000c0000000,0x00000000c0000000,0x00000000c5580000)
 Metaspace       used 10361K, capacity 10820K, committed 11008K, reserved 1058816K
  class space    used 1573K, capacity 1668K, committed 1792K, reserved 1048576K
Event: 0.829 GC heap after
Heap after GC invocations=1 (full 0):
 PSYoungGen      total 38400K, used 5113K [0x00000000eab00000, 0x00000000ed580000, 0x0000000100000000)
  eden space 33280K, 0% used [0x00000000eab00000,0x00000000eab00000,0x00000000ecb80000)
  from space 5120K, 99% used [0x00000000ecb80000,0x00000000ed07e7d8,0x00000000ed080000)
  to   space 5120K, 0% used [0x00000000ed080000,0x00000000ed080000,0x00000000ed580000)
 ParOldGen       total 87552K, used 1476K [0x00000000c0000000, 0x00000000c5580000, 0x00000000eab00000)
  object space 87552K, 1% used [0x00000000c0000000,0x00000000c0171090,0x00000000c5580000)
 Metaspace       used 10361K, capacity 10820K, committed 11008K, reserved 1058816K
  class space    used 1573K, capacity 1668K, committed 1792K, reserved 1048576K
}
Event: 1.443 GC heap before
{Heap before GC invocations=2 (full 0):
 PSYoungGen      total 38400K, used 38393K [0x00000000eab00000, 0x00000000ed580000, 0x0000000100000000)
  eden space 33280K, 100% used [0x00000000eab00000,0x00000000ecb80000,0x00000000ecb80000)
  from space 5120K, 99% used [0x00000000ecb80000,0x00000000ed07e7d8,0x00000000ed080000)
  to   space 5120K, 0% used [0x00000000ed080000,0x00000000ed080000,0x00000000ed580000)
 ParOldGen       total 87552K, used 1476K [0x00000000c0000000, 0x00000000c5580000, 0x00000000eab00000)
  object space 87552K, 1% used [0x00000000c0000000,0x00000000c0171090,0x00000000c5580000)
 Metaspace       used 16026K, capacity 16308K, committed 16384K, reserved 1062912K
  class space    used 2714K, capacity 2788K, committed 2816K, reserved 1048576K
Event: 1.447 GC heap after
Heap after GC invocations=2 (full 0):
 PSYoungGen      total 38400K, used 5091K [0x00000000eab00000, 0x00000000ed580000, 0x0000000100000000)
  eden space 33280K, 0% used [0x00000000eab00000,0x00000000eab00000,0x00000000ecb80000)
  from space 5120K, 99% used [0x00000000ed080000,0x00000000ed578ef8,0x00000000ed580000)
  to   space 5120K, 0% used [0x00000000ecb80000,0x00000000ecb80000,0x00000000ed080000)
 ParOldGen       total 87552K, used 3348K [0x00000000c0000000, 0x00000000c5580000, 0x00000000eab00000)
  object space 87552K, 3% used [0x00000000c0000000,0x00000000c0345360,0x00000000c5580000)
 Metaspace       used 16026K, capacity 16308K, committed 16384K, reserved 1062912K
  class space    used 2714K, capacity 2788K, committed 2816K, reserved 1048576K
}
Event: 1.709 GC heap before
{Heap before GC invocations=3 (full 0):
 PSYoungGen      total 38400K, used 23607K [0x00000000eab00000, 0x00000000ed580000, 0x0000000100000000)
  eden space 33280K, 55% used [0x00000000eab00000,0x00000000ebd14de8,0x00000000ecb80000)
  from space 5120K, 99% used [0x00000000ed080000,0x00000000ed578ef8,0x00000000ed580000)
  to   space 5120K, 0% used [0x00000000ecb80000,0x00000000ecb80000,0x00000000ed080000)
 ParOldGen       total 87552K, used 3348K [0x00000000c0000000, 0x00000000c5580000, 0x00000000eab00000)
  object space 87552K, 3% used [0x00000000c0000000,0x00000000c0345360,0x00000000c5580000)
 Metaspace       used 20897K, capacity 21140K, committed 21296K, reserved 1067008K
  class space    used 3594K, capacity 3652K, committed 3712K, reserved 1048576K
Event: 1.716 GC heap after
Heap after GC invocations=3 (full 0):
 PSYoungGen      total 38400K, used 5102K [0x00000000eab00000, 0x00000000ef600000, 0x0000000100000000)
  eden space 33280K, 0% used [0x00000000eab00000,0x00000000eab00000,0x00000000ecb80000)
  from space 5120K, 99% used [0x00000000ecb80000,0x00000000ed07b960,0x00000000ed080000)
  to   space 5120K, 0% used [0x00000000ef100000,0x00000000ef100000,0x00000000ef600000)
 ParOldGen       total 87552K, used 5130K [0x00000000c0000000, 0x00000000c5580000, 0x00000000eab00000)
  object space 87552K, 5% used [0x00000000c0000000,0x00000000c0502b18,0x00000000c5580000)
 Metaspace       used 20897K, capacity 21140K, committed 21296K, reserved 1067008K
  class space    used 3594K, capacity 3652K, committed 3712K, reserved 1048576K
}
Event: 1.716 GC heap before
{Heap before GC invocations=4 (full 1):
 PSYoungGen      total 38400K, used 5102K [0x00000000eab00000, 0x00000000ef600000, 0x0000000100000000)
  eden space 33280K, 0% used [0x00000000eab00000,0x00000000eab00000,0x00000000ecb80000)
  from space 5120K, 99% used [0x00000000ecb80000,0x00000000ed07b960,0x00000000ed080000)
  to   space 5120K, 0% used [0x00000000ef100000,0x00000000ef100000,0x00000000ef600000)
 ParOldGen       total 87552K, used 5130K [0x00000000c0000000, 0x00000000c5580000, 0x00000000eab00000)
  object space 87552K, 5% used [0x00000000c0000000,0x00000000c0502b18,0x00000000c5580000)
 Metaspace       used 20897K, capacity 21140K, committed 21296K, reserved 1067008K
  class space    used 3594K, capacity 3652K, committed 3712K, reserved 1048576K
Event: 1.735 GC heap after
Heap after GC invocations=4 (full 1):
 PSYoungGen      total 38400K, used 0K [0x00000000eab00000, 0x00000000ef600000, 0x0000000100000000)
  eden space 33280K, 0% used [0x00000000eab00000,0x00000000eab00000,0x00000000ecb80000)
  from space 5120K, 0% used [0x00000000ecb80000,0x00000000ecb80000,0x00000000ed080000)
  to   space 5120K, 0% used [0x00000000ef100000,0x00000000ef100000,0x00000000ef600000)
 ParOldGen       total 87552K, used 6562K [0x00000000c0000000, 0x00000000c5580000, 0x00000000eab00000)
  object space 87552K, 7% used [0x00000000c0000000,0x00000000c0668b38,0x00000000c5580000)
 Metaspace       used 20897K, capacity 21140K, committed 21296K, reserved 1067008K
  class space    used 3594K, capacity 3652K, committed 3712K, reserved 1048576K
}

Deoptimization events (10 events):
Event: 0.275 Thread 0x0000000002313800 Uncommon trap: reason=unstable_if action=reinterpret pc=0x00000000025b4a98 method=java.lang.String.indexOf([CII[CIII)I @ 3
Event: 0.836 Thread 0x0000000002313800 Uncommon trap: reason=unstable_if action=reinterpret pc=0x0000000002552990 method=java.lang.String.startsWith(Ljava/lang/String;I)Z @ 25
Event: 0.851 Thread 0x0000000002313800 Uncommon trap: reason=unstable_if action=reinterpret pc=0x000000000267f958 method=java.util.HashMap.getNode(ILjava/lang/Object;)Ljava/util/HashMap$Node; @ 116
Event: 0.859 Thread 0x0000000002313800 Uncommon trap: reason=unstable_if action=reinterpret pc=0x00000000025d9dfc method=sun.misc.MetaIndex.mayContain(Ljava/lang/String;)Z @ 38
Event: 0.860 Thread 0x0000000002313800 Uncommon trap: reason=unstable_if action=reinterpret pc=0x00000000025a5f68 method=sun.misc.MetaIndex.mayContain(Ljava/lang/String;)Z @ 38
Event: 1.150 Thread 0x0000000002313800 Uncommon trap: reason=unstable_if action=reinterpret pc=0x00000000025ed008 method=java.net.URI.match(CJJ)Z @ 19
Event: 1.151 Thread 0x0000000002313800 Uncommon trap: reason=unstable_if action=reinterpret pc=0x0000000002672028 method=java.lang.String.regionMatches(ZILjava/lang/String;II)Z @ 123
Event: 1.643 Thread 0x0000000002313800 Uncommon trap: reason=unstable_if action=reinterpret pc=0x000000000275c514 method=java.util.HashMap.getNode(ILjava/lang/Object;)Ljava/util/HashMap$Node; @ 62
Event: 1.644 Thread 0x0000000002313800 Uncommon trap: reason=unstable_if action=reinterpret pc=0x000000000266b7b4 method=java.util.HashMap.getNode(ILjava/lang/Object;)Ljava/util/HashMap$Node; @ 62
Event: 1.847 Thread 0x0000000002313800 Uncommon trap: reason=unstable_if action=reinterpret pc=0x000000000274a814 method=java.lang.SecurityManager.checkPackageAccess(Ljava/lang/String;)V @ 85

Internal exceptions (10 events):
Event: 1.791 Thread 0x0000000002313800 Exception <a 'java/lang/ClassNotFoundException': scala/reflect/ScalaLongSignature> (0x00000000eacf7728) thrown at [D:\re\workspace\8-2-build-windows-amd64-cygwin\jdk8u40\2855\hotspot\src\share\vm\classfile\systemDictionary.cpp, line 210]
Event: 1.792 Thread 0x0000000002313800 Exception <a 'java/lang/ArrayIndexOutOfBoundsException'> (0x00000000eacfdba0) thrown at [D:\re\workspace\8-2-build-windows-amd64-cygwin\jdk8u40\2855\hotspot\src\share\vm\runtime\sharedRuntime.cpp, line 605]
Event: 1.792 Thread 0x0000000002313800 Exception <a 'java/lang/ArrayIndexOutOfBoundsException'> (0x00000000eacfed38) thrown at [D:\re\workspace\8-2-build-windows-amd64-cygwin\jdk8u40\2855\hotspot\src\share\vm\runtime\sharedRuntime.cpp, line 605]
Event: 1.795 Thread 0x0000000002313800 Exception <a 'java/lang/ClassNotFoundException': scala/reflect/ScalaSignature> (0x00000000ead08a38) thrown at [D:\re\workspace\8-2-build-windows-amd64-cygwin\jdk8u40\2855\hotspot\src\share\vm\classfile\systemDictionary.cpp, line 210]
Event: 1.795 Thread 0x0000000002313800 Exception <a 'java/lang/ClassNotFoundException': scala/reflect/ScalaLongSignature> (0x00000000ead09150) thrown at [D:\re\workspace\8-2-build-windows-amd64-cygwin\jdk8u40\2855\hotspot\src\share\vm\classfile\systemDictionary.cpp, line 210]
Event: 1.800 Thread 0x0000000002313800 Exception <a 'java/lang/ClassNotFoundException': scala/reflect/ScalaSignature> (0x00000000ead1d288) thrown at [D:\re\workspace\8-2-build-windows-amd64-cygwin\jdk8u40\2855\hotspot\src\share\vm\classfile\systemDictionary.cpp, line 210]
Event: 1.800 Thread 0x0000000002313800 Exception <a 'java/lang/ClassNotFoundException': scala/reflect/ScalaLongSignature> (0x00000000ead1d9a0) thrown at [D:\re\workspace\8-2-build-windows-amd64-cygwin\jdk8u40\2855\hotspot\src\share\vm\classfile\systemDictionary.cpp, line 210]
Event: 1.803 Thread 0x0000000002313800 Exception <a 'java/lang/ClassNotFoundException': scala/reflect/ScalaSignature> (0x00000000ead2ce48) thrown at [D:\re\workspace\8-2-build-windows-amd64-cygwin\jdk8u40\2855\hotspot\src\share\vm\classfile\systemDictionary.cpp, line 210]
Event: 1.803 Thread 0x0000000002313800 Exception <a 'java/lang/ClassNotFoundException': scala/reflect/ScalaLongSignature> (0x00000000ead2d3d0) thrown at [D:\re\workspace\8-2-build-windows-amd64-cygwin\jdk8u40\2855\hotspot\src\share\vm\classfile\systemDictionary.cpp, line 210]
Event: 1.804 Thread 0x0000000002313800 Exception <a 'java/lang/ArrayIndexOutOfBoundsException'> (0x00000000ead32270) thrown at [D:\re\workspace\8-2-build-windows-amd64-cygwin\jdk8u40\2855\hotspot\src\share\vm\runtime\sharedRuntime.cpp, line 605]

Events (10 events):
Event: 1.872 loading class sbt/artifactFilter$default$1
Event: 1.872 loading class sbt/artifactFilter$default$1 done
Event: 1.872 loading class sbt/artifactFilter$default$2
Event: 1.872 loading class sbt/artifactFilter$default$2 done
Event: 1.872 loading class sbt/artifactFilter$default$3
Event: 1.872 loading class sbt/artifactFilter$default$3 done
Event: 1.872 loading class sbt/artifactFilter$default$4
Event: 1.872 loading class sbt/artifactFilter$default$4 done
Event: 1.873 loading class sbt/configurationFilter$default$1
Event: 1.873 loading class sbt/configurationFilter$default$1 done


Dynamic libraries:
0x00007ff66df90000 - 0x00007ff66dfc7000 	C:\Program Files\Java\jdk1.8.0_40\jre\bin\java.exe
0x00007ffb3b630000 - 0x00007ffb3b7f1000 	C:\WINDOWS\SYSTEM32\ntdll.dll
0x00007ffb39870000 - 0x00007ffb3991d000 	C:\WINDOWS\system32\KERNEL32.DLL
0x00007ffb37e60000 - 0x00007ffb38048000 	C:\WINDOWS\system32\KERNELBASE.dll
0x00007ffb35fb0000 - 0x00007ffb36029000 	C:\WINDOWS\system32\apphelp.dll
0x00007ffb39320000 - 0x00007ffb393c7000 	C:\WINDOWS\system32\ADVAPI32.dll
0x00007ffb3b300000 - 0x00007ffb3b39d000 	C:\WINDOWS\system32\msvcrt.dll
0x00007ffb38f90000 - 0x00007ffb38feb000 	C:\WINDOWS\system32\sechost.dll
0x00007ffb38a30000 - 0x00007ffb38b4c000 	C:\WINDOWS\system32\RPCRT4.dll
0x00007ffb39560000 - 0x00007ffb396b6000 	C:\WINDOWS\system32\USER32.dll
0x00007ffb393d0000 - 0x00007ffb39556000 	C:\WINDOWS\system32\GDI32.dll
0x00007ffb31a10000 - 0x00007ffb31c84000 	C:\WINDOWS\WinSxS\amd64_microsoft.windows.common-controls_6595b64144ccf1df_6.0.10586.0_none_8c15ae12515e1c22\COMCTL32.dll
0x00007ffb390a0000 - 0x00007ffb3931d000 	C:\WINDOWS\system32\combase.dll
0x00007ffb387f0000 - 0x00007ffb3885a000 	C:\WINDOWS\system32\bcryptPrimitives.dll
0x00007ffb3b2c0000 - 0x00007ffb3b2fb000 	C:\WINDOWS\system32\IMM32.DLL
0x000000006d580000 - 0x000000006d652000 	C:\Program Files\Java\jdk1.8.0_40\jre\bin\msvcr100.dll
0x000000006b460000 - 0x000000006bce3000 	C:\Program Files\Java\jdk1.8.0_40\jre\bin\server\jvm.dll
0x00007ffb3b3a0000 - 0x00007ffb3b3a8000 	C:\WINDOWS\system32\PSAPI.DLL
0x00007ffb24950000 - 0x00007ffb24959000 	C:\WINDOWS\SYSTEM32\WSOCK32.dll
0x00007ffb36400000 - 0x00007ffb36423000 	C:\WINDOWS\SYSTEM32\WINMM.dll
0x00007ffb33430000 - 0x00007ffb3343a000 	C:\WINDOWS\SYSTEM32\VERSION.dll
0x00007ffb39730000 - 0x00007ffb3979b000 	C:\WINDOWS\system32\WS2_32.dll
0x00007ffb363a0000 - 0x00007ffb363cc000 	C:\WINDOWS\SYSTEM32\WINMMBASE.dll
0x00007ffb37ce0000 - 0x00007ffb37d23000 	C:\WINDOWS\system32\cfgmgr32.dll
0x000000006d530000 - 0x000000006d53f000 	C:\Program Files\Java\jdk1.8.0_40\jre\bin\verify.dll
0x000000006d500000 - 0x000000006d529000 	C:\Program Files\Java\jdk1.8.0_40\jre\bin\java.dll
0x000000006cd40000 - 0x000000006cd56000 	C:\Program Files\Java\jdk1.8.0_40\jre\bin\zip.dll
0x00007ffb39b50000 - 0x00007ffb3b0ac000 	C:\WINDOWS\system32\SHELL32.dll
0x00007ffb38110000 - 0x00007ffb38755000 	C:\WINDOWS\system32\windows.storage.dll
0x00007ffb39a90000 - 0x00007ffb39ae2000 	C:\WINDOWS\system32\shlwapi.dll
0x00007ffb37c60000 - 0x00007ffb37c6f000 	C:\WINDOWS\system32\kernel.appcore.dll
0x00007ffb38050000 - 0x00007ffb38105000 	C:\WINDOWS\system32\shcore.dll
0x00007ffb37c90000 - 0x00007ffb37cdb000 	C:\WINDOWS\system32\powrprof.dll
0x00007ffb37c70000 - 0x00007ffb37c84000 	C:\WINDOWS\system32\profapi.dll
0x000000006c6a0000 - 0x000000006c6ba000 	C:\Program Files\Java\jdk1.8.0_40\jre\bin\net.dll
0x00007ffb37580000 - 0x00007ffb375dc000 	C:\WINDOWS\system32\mswsock.dll
0x000000006b440000 - 0x000000006b451000 	C:\Program Files\Java\jdk1.8.0_40\jre\bin\nio.dll
0x00007ffb37630000 - 0x00007ffb37647000 	C:\WINDOWS\SYSTEM32\CRYPTSP.dll
0x00007ffb37260000 - 0x00007ffb37294000 	C:\WINDOWS\system32\rsaenh.dll
0x00007ffb37b80000 - 0x00007ffb37ba9000 	C:\WINDOWS\SYSTEM32\bcrypt.dll
0x00007ffb37410000 - 0x00007ffb3742f000 	C:\WINDOWS\SYSTEM32\USERENV.dll
0x00007ffb37750000 - 0x00007ffb3775b000 	C:\WINDOWS\SYSTEM32\CRYPTBASE.dll
0x00007ffb34b80000 - 0x00007ffb34bb8000 	C:\WINDOWS\SYSTEM32\IPHLPAPI.DLL
0x00007ffb39920000 - 0x00007ffb39928000 	C:\WINDOWS\system32\NSI.dll
0x00007ffb33fd0000 - 0x00007ffb33fe6000 	C:\WINDOWS\SYSTEM32\dhcpcsvc6.DLL
0x00007ffb33ef0000 - 0x00007ffb33f0a000 	C:\WINDOWS\SYSTEM32\dhcpcsvc.DLL
0x00007ffb22d50000 - 0x00007ffb22d5a000 	C:\Users\anthony\AppData\Local\Temp\jansi-64-1-6644853686557007043.11
0x00007ffb2a670000 - 0x00007ffb2a7fc000 	C:\WINDOWS\SYSTEM32\dbghelp.dll

VM Arguments:
jvm_args: -Xmx1024m -Xms128m -Xss1m -XX:+UseCodeCacheFlushing -XX:+CMSClassUnloadingEnabled -XX:MaxPermSize=256m -Djline.terminal=unix -Djline.WindowsTerminal.directConsole=false 
java_command: C:\Program Files\NetBeans 8.1\nbscala\modules\ext\org.netbeans.libs.sbt\1\org-scala-sbt\sbt-launch.jar
java_class_path (initial): C:\Program Files\NetBeans 8.1\nbscala\modules\ext\org.netbeans.libs.sbt\1\org-scala-sbt\sbt-launch.jar
Launcher Type: SUN_STANDARD

Environment Variables:
JAVA_HOME=C:\Program Files (x86)\Java\jdk1.7.0_55
USERNAME=anthony
OS=Windows_NT
PROCESSOR_IDENTIFIER=Intel64 Family 6 Model 60 Stepping 3, GenuineIntel



---------------  S Y S T E M  ---------------

OS: Windows 10.0 , 64 bit Build 10586 (10.0.10586.0)

CPU:total 8 (4 cores per cpu, 2 threads per core) family 6 model 60 stepping 3, cmov, cx8, fxsr, mmx, sse, sse2, sse3, ssse3, sse4.1, sse4.2, popcnt, avx, avx2, aes, clmul, erms, lzcnt, ht, tsc, tscinvbit, bmi1, bmi2

Memory: 4k page, physical 16695048k(2319448k free), swap 49695808k(7984k free)

vm_info: Java HotSpot(TM) 64-Bit Server VM (25.40-b25) for windows-amd64 JRE (1.8.0_40-b25), built on Feb 10 2015 21:53:57 by "java_re" with MS VC++ 10.0 (VS2010)

time: Wed May 25 10:15:29 2016
elapsed time: 2 seconds (0d 0h 0m 2s)

