#
# There is insufficient memory for the Java Runtime Environment to continue.
# Native memory allocation (malloc) failed to allocate 2305936 bytes for Chunk::new
# Possible reasons:
#   The system is out of physical RAM or swap space
#   In 32 bit mode, the process size limit was hit
# Possible solutions:
#   Reduce memory load on the system
#   Increase physical memory or swap space
#   Check if swap backing store is full
#   Use 64 bit Java on a 64 bit OS
#   Decrease Java heap size (-Xmx/-Xms)
#   Decrease number of Java threads
#   Decrease Java thread stack sizes (-Xss)
#   Set larger code cache with -XX:ReservedCodeCacheSize=
# This output file may be truncated or incomplete.
#
#  Out of Memory Error (allocation.cpp:390), pid=17920, tid=30004
#
# JRE version: Java(TM) SE Runtime Environment (8.0_40-b25) (build 1.8.0_40-b25)
# Java VM: Java HotSpot(TM) 64-Bit Server VM (25.40-b25 mixed mode windows-amd64 compressed oops)
# Failed to write core dump. Minidumps are not enabled by default on client versions of Windows
#

---------------  T H R E A D  ---------------

Current thread (0x00000000170b1800):  JavaThread "C2 CompilerThread1" daemon [_thread_in_native, id=30004, stack(0x0000000017780000,0x0000000017880000)]

Stack: [0x0000000017780000,0x0000000017880000]
Native frames: (J=compiled Java code, j=interpreted, Vv=VM code, C=native code)
V  [jvm.dll+0x32b47a]
V  [jvm.dll+0x2797f3]
V  [jvm.dll+0x27a489]
V  [jvm.dll+0x2717a5]
V  [jvm.dll+0xcb9a2]
V  [jvm.dll+0xcbe6c]
V  [jvm.dll+0x49294c]
V  [jvm.dll+0x45f77f]
V  [jvm.dll+0x46a73b]
V  [jvm.dll+0x46cd52]
V  [jvm.dll+0x4500d2]
V  [jvm.dll+0xa4312]
V  [jvm.dll+0xa4c4f]
V  [jvm.dll+0x241914]
V  [jvm.dll+0x29848a]
C  [msvcr100.dll+0x21d9f]
C  [msvcr100.dll+0x21e3b]
C  [KERNEL32.DLL+0x18102]
C  [ntdll.dll+0x5c5b4]


Current CompileTask:
C2:   1657 1040   !   4       java.net.URLClassLoader$1::run (63 bytes)


---------------  P R O C E S S  ---------------

Java Threads: ( => current thread )
  0x000000001714d800 JavaThread "Service Thread" daemon [_thread_blocked, id=9356, stack(0x0000000017a80000,0x0000000017b80000)]
  0x00000000150be000 JavaThread "C1 CompilerThread3" daemon [_thread_in_vm, id=19616, stack(0x0000000017980000,0x0000000017a80000)]
  0x00000000170b6800 JavaThread "C2 CompilerThread2" daemon [_thread_in_native, id=21840, stack(0x0000000017880000,0x0000000017980000)]
=>0x00000000170b1800 JavaThread "C2 CompilerThread1" daemon [_thread_in_native, id=30004, stack(0x0000000017780000,0x0000000017880000)]
  0x00000000170af000 JavaThread "C2 CompilerThread0" daemon [_thread_blocked, id=3196, stack(0x0000000017680000,0x0000000017780000)]
  0x00000000170be000 JavaThread "Attach Listener" daemon [_thread_blocked, id=18464, stack(0x0000000017580000,0x0000000017680000)]
  0x00000000170bc000 JavaThread "Signal Dispatcher" daemon [_thread_blocked, id=19792, stack(0x0000000017480000,0x0000000017580000)]
  0x000000000258d000 JavaThread "Finalizer" daemon [_thread_blocked, id=19448, stack(0x0000000016f80000,0x0000000017080000)]
  0x00000000150ad000 JavaThread "Reference Handler" daemon [_thread_blocked, id=18824, stack(0x0000000016e80000,0x0000000016f80000)]
  0x0000000002493800 JavaThread "main" [_thread_in_vm, id=13160, stack(0x0000000002300000,0x0000000002400000)]

Other Threads:
  0x00000000150a9000 VMThread [stack: 0x0000000016d80000,0x0000000016e80000] [id=17476]
  0x0000000017150000 WatcherThread [stack: 0x0000000017b80000,0x0000000017c80000] [id=29536]

VM state:not at safepoint (normal execution)

VM Mutex/Monitor currently owned by a thread: None

Heap:
 PSYoungGen      total 38400K, used 6674K [0x00000000eab00000, 0x00000000ef600000, 0x0000000100000000)
  eden space 33280K, 20% used [0x00000000eab00000,0x00000000eb184868,0x00000000ecb80000)
  from space 5120K, 0% used [0x00000000ecb80000,0x00000000ecb80000,0x00000000ed080000)
  to   space 5120K, 0% used [0x00000000ef100000,0x00000000ef100000,0x00000000ef600000)
 ParOldGen       total 87552K, used 6560K [0x00000000c0000000, 0x00000000c5580000, 0x00000000eab00000)
  object space 87552K, 7% used [0x00000000c0000000,0x00000000c0668318,0x00000000c5580000)
 Metaspace       used 21771K, capacity 21952K, committed 22192K, reserved 1067008K
  class space    used 3746K, capacity 3814K, committed 3840K, reserved 1048576K

Card table byte_map: [0x0000000011950000,0x0000000011b60000] byte_map_base: 0x0000000011350000

Marking Bits: (ParMarkBitMap*) 0x000000006bc64040
 Begin Bits: [0x00000000124c0000, 0x00000000134c0000)
 End Bits:   [0x00000000134c0000, 0x00000000144c0000)

Polling page: 0x00000000009c0000

CodeCache: size=245760Kb used=4591Kb max_used=4591Kb free=241168Kb
 bounds [0x0000000002590000, 0x0000000002a10000, 0x0000000011590000]
 total_blobs=1949 nmethods=1585 adapters=276
 compilation: enabled

Compilation events (10 events):
Event: 1.643 Thread 0x00000000150be000 1540       1       scala.reflect.internal.Scopes$Scope::elemsCache (5 bytes)
Event: 1.643 Thread 0x00000000150be000 nmethod 1540 0x00000000029e5310 code [0x00000000029e5460, 0x00000000029e5570]
Event: 1.643 Thread 0x00000000150be000 1544       1       scala.reflect.internal.Symbols$TermSymbol::scala$reflect$internal$Symbols$TermSymbol$$$outer (5 bytes)
Event: 1.643 Thread 0x00000000150be000 nmethod 1544 0x00000000029e5050 code [0x00000000029e51a0, 0x00000000029e52b0]
Event: 1.643 Thread 0x00000000150be000 1545       1       scala.reflect.internal.Symbols$ModuleClassSymbol::isModuleClass (2 bytes)
Event: 1.643 Thread 0x00000000150be000 nmethod 1545 0x00000000029e6290 code [0x00000000029e63e0, 0x00000000029e64f0]
Event: 1.643 Thread 0x00000000150be000 1546       1       scala.reflect.internal.StdNames$CommonNames::PACKAGE (5 bytes)
Event: 1.644 Thread 0x00000000150be000 nmethod 1546 0x00000000029e4d90 code [0x00000000029e4ee0, 0x00000000029e4ff0]
Event: 1.644 Thread 0x00000000170af000 nmethod 1547 0x00000000029e47d0 code [0x00000000029e4920, 0x00000000029e4c58]
Event: 1.644 Thread 0x00000000150be000 1548       3       scala.reflect.internal.Types$UniqueType::<init> (18 bytes)

GC Heap History (8 events):
Event: 0.656 GC heap before
{Heap before GC invocations=1 (full 0):
 PSYoungGen      total 38400K, used 33280K [0x00000000eab00000, 0x00000000ed580000, 0x0000000100000000)
  eden space 33280K, 100% used [0x00000000eab00000,0x00000000ecb80000,0x00000000ecb80000)
  from space 5120K, 0% used [0x00000000ed080000,0x00000000ed080000,0x00000000ed580000)
  to   space 5120K, 0% used [0x00000000ecb80000,0x00000000ecb80000,0x00000000ed080000)
 ParOldGen       total 87552K, used 0K [0x00000000c0000000, 0x00000000c5580000, 0x00000000eab00000)
  object space 87552K, 0% used [0x00000000c0000000,0x00000000c0000000,0x00000000c5580000)
 Metaspace       used 10379K, capacity 10820K, committed 11008K, reserved 1058816K
  class space    used 1579K, capacity 1668K, committed 1792K, reserved 1048576K
Event: 0.660 GC heap after
Heap after GC invocations=1 (full 0):
 PSYoungGen      total 38400K, used 5108K [0x00000000eab00000, 0x00000000ed580000, 0x0000000100000000)
  eden space 33280K, 0% used [0x00000000eab00000,0x00000000eab00000,0x00000000ecb80000)
  from space 5120K, 99% used [0x00000000ecb80000,0x00000000ed07d308,0x00000000ed080000)
  to   space 5120K, 0% used [0x00000000ed080000,0x00000000ed080000,0x00000000ed580000)
 ParOldGen       total 87552K, used 1537K [0x00000000c0000000, 0x00000000c5580000, 0x00000000eab00000)
  object space 87552K, 1% used [0x00000000c0000000,0x00000000c0180508,0x00000000c5580000)
 Metaspace       used 10379K, capacity 10820K, committed 11008K, reserved 1058816K
  class space    used 1579K, capacity 1668K, committed 1792K, reserved 1048576K
}
Event: 1.263 GC heap before
{Heap before GC invocations=2 (full 0):
 PSYoungGen      total 38400K, used 38388K [0x00000000eab00000, 0x00000000ed580000, 0x0000000100000000)
  eden space 33280K, 100% used [0x00000000eab00000,0x00000000ecb80000,0x00000000ecb80000)
  from space 5120K, 99% used [0x00000000ecb80000,0x00000000ed07d308,0x00000000ed080000)
  to   space 5120K, 0% used [0x00000000ed080000,0x00000000ed080000,0x00000000ed580000)
 ParOldGen       total 87552K, used 1537K [0x00000000c0000000, 0x00000000c5580000, 0x00000000eab00000)
  object space 87552K, 1% used [0x00000000c0000000,0x00000000c0180508,0x00000000c5580000)
 Metaspace       used 16054K, capacity 16244K, committed 16384K, reserved 1062912K
  class space    used 2705K, capacity 2788K, committed 2816K, reserved 1048576K
Event: 1.269 GC heap after
Heap after GC invocations=2 (full 0):
 PSYoungGen      total 38400K, used 5094K [0x00000000eab00000, 0x00000000ed580000, 0x0000000100000000)
  eden space 33280K, 0% used [0x00000000eab00000,0x00000000eab00000,0x00000000ecb80000)
  from space 5120K, 99% used [0x00000000ed080000,0x00000000ed579b50,0x00000000ed580000)
  to   space 5120K, 0% used [0x00000000ecb80000,0x00000000ecb80000,0x00000000ed080000)
 ParOldGen       total 87552K, used 3417K [0x00000000c0000000, 0x00000000c5580000, 0x00000000eab00000)
  object space 87552K, 3% used [0x00000000c0000000,0x00000000c03567d8,0x00000000c5580000)
 Metaspace       used 16054K, capacity 16244K, committed 16384K, reserved 1062912K
  class space    used 2705K, capacity 2788K, committed 2816K, reserved 1048576K
}
Event: 1.521 GC heap before
{Heap before GC invocations=3 (full 0):
 PSYoungGen      total 38400K, used 23815K [0x00000000eab00000, 0x00000000ed580000, 0x0000000100000000)
  eden space 33280K, 56% used [0x00000000eab00000,0x00000000ebd48340,0x00000000ecb80000)
  from space 5120K, 99% used [0x00000000ed080000,0x00000000ed579b50,0x00000000ed580000)
  to   space 5120K, 0% used [0x00000000ecb80000,0x00000000ecb80000,0x00000000ed080000)
 ParOldGen       total 87552K, used 3417K [0x00000000c0000000, 0x00000000c5580000, 0x00000000eab00000)
  object space 87552K, 3% used [0x00000000c0000000,0x00000000c03567d8,0x00000000c5580000)
 Metaspace       used 20940K, capacity 21172K, committed 21296K, reserved 1067008K
  class space    used 3611K, capacity 3684K, committed 3712K, reserved 1048576K
Event: 1.525 GC heap after
Heap after GC invocations=3 (full 0):
 PSYoungGen      total 38400K, used 5098K [0x00000000eab00000, 0x00000000ef600000, 0x0000000100000000)
  eden space 33280K, 0% used [0x00000000eab00000,0x00000000eab00000,0x00000000ecb80000)
  from space 5120K, 99% used [0x00000000ecb80000,0x00000000ed07abe8,0x00000000ed080000)
  to   space 5120K, 0% used [0x00000000ef100000,0x00000000ef100000,0x00000000ef600000)
 ParOldGen       total 87552K, used 5200K [0x00000000c0000000, 0x00000000c5580000, 0x00000000eab00000)
  object space 87552K, 5% used [0x00000000c0000000,0x00000000c0514050,0x00000000c5580000)
 Metaspace       used 20940K, capacity 21172K, committed 21296K, reserved 1067008K
  class space    used 3611K, capacity 3684K, committed 3712K, reserved 1048576K
}
Event: 1.525 GC heap before
{Heap before GC invocations=4 (full 1):
 PSYoungGen      total 38400K, used 5098K [0x00000000eab00000, 0x00000000ef600000, 0x0000000100000000)
  eden space 33280K, 0% used [0x00000000eab00000,0x00000000eab00000,0x00000000ecb80000)
  from space 5120K, 99% used [0x00000000ecb80000,0x00000000ed07abe8,0x00000000ed080000)
  to   space 5120K, 0% used [0x00000000ef100000,0x00000000ef100000,0x00000000ef600000)
 ParOldGen       total 87552K, used 5200K [0x00000000c0000000, 0x00000000c5580000, 0x00000000eab00000)
  object space 87552K, 5% used [0x00000000c0000000,0x00000000c0514050,0x00000000c5580000)
 Metaspace       used 20940K, capacity 21172K, committed 21296K, reserved 1067008K
  class space    used 3611K, capacity 3684K, committed 3712K, reserved 1048576K
Event: 1.544 GC heap after
Heap after GC invocations=4 (full 1):
 PSYoungGen      total 38400K, used 0K [0x00000000eab00000, 0x00000000ef600000, 0x0000000100000000)
  eden space 33280K, 0% used [0x00000000eab00000,0x00000000eab00000,0x00000000ecb80000)
  from space 5120K, 0% used [0x00000000ecb80000,0x00000000ecb80000,0x00000000ed080000)
  to   space 5120K, 0% used [0x00000000ef100000,0x00000000ef100000,0x00000000ef600000)
 ParOldGen       total 87552K, used 6560K [0x00000000c0000000, 0x00000000c5580000, 0x00000000eab00000)
  object space 87552K, 7% used [0x00000000c0000000,0x00000000c0668318,0x00000000c5580000)
 Metaspace       used 20940K, capacity 21172K, committed 21296K, reserved 1067008K
  class space    used 3611K, capacity 3684K, committed 3712K, reserved 1048576K
}

Deoptimization events (8 events):
Event: 0.281 Thread 0x0000000002493800 Uncommon trap: reason=unstable_if action=reinterpret pc=0x0000000002738858 method=java.lang.String.indexOf([CII[CIII)I @ 3
Event: 0.667 Thread 0x0000000002493800 Uncommon trap: reason=unstable_if action=reinterpret pc=0x00000000026d1510 method=java.lang.String.startsWith(Ljava/lang/String;I)Z @ 25
Event: 0.682 Thread 0x0000000002493800 Uncommon trap: reason=unstable_if action=reinterpret pc=0x00000000027edfe8 method=java.util.HashMap.getNode(ILjava/lang/Object;)Ljava/util/HashMap$Node; @ 116
Event: 0.691 Thread 0x0000000002493800 Uncommon trap: reason=unstable_if action=reinterpret pc=0x00000000027479fc method=sun.misc.MetaIndex.mayContain(Ljava/lang/String;)Z @ 38
Event: 0.692 Thread 0x0000000002493800 Uncommon trap: reason=unstable_if action=reinterpret pc=0x0000000002720968 method=sun.misc.MetaIndex.mayContain(Ljava/lang/String;)Z @ 38
Event: 0.964 Thread 0x0000000002493800 Uncommon trap: reason=unstable_if action=reinterpret pc=0x0000000002759a48 method=java.net.URI.match(CJJ)Z @ 19
Event: 0.965 Thread 0x0000000002493800 Uncommon trap: reason=unstable_if action=reinterpret pc=0x00000000027f1da8 method=java.lang.String.regionMatches(ZILjava/lang/String;II)Z @ 123
Event: 1.468 Thread 0x0000000002493800 Uncommon trap: reason=unstable_if action=reinterpret pc=0x0000000002819354 method=java.util.HashMap.getNode(ILjava/lang/Object;)Ljava/util/HashMap$Node; @ 62

Internal exceptions (10 events):
Event: 1.600 Thread 0x0000000002493800 Exception <a 'java/lang/ClassNotFoundException': scala/reflect/ScalaLongSignature> (0x00000000eacd4710) thrown at [D:\re\workspace\8-2-build-windows-amd64-cygwin\jdk8u40\2855\hotspot\src\share\vm\classfile\systemDictionary.cpp, line 210]
Event: 1.601 Thread 0x0000000002493800 Exception <a 'java/lang/ArrayIndexOutOfBoundsException'> (0x00000000eacdab88) thrown at [D:\re\workspace\8-2-build-windows-amd64-cygwin\jdk8u40\2855\hotspot\src\share\vm\runtime\sharedRuntime.cpp, line 605]
Event: 1.601 Thread 0x0000000002493800 Exception <a 'java/lang/ArrayIndexOutOfBoundsException'> (0x00000000eacdbd20) thrown at [D:\re\workspace\8-2-build-windows-amd64-cygwin\jdk8u40\2855\hotspot\src\share\vm\runtime\sharedRuntime.cpp, line 605]
Event: 1.602 Thread 0x0000000002493800 Exception <a 'java/lang/ClassNotFoundException': scala/reflect/ScalaSignature> (0x00000000eace5a20) thrown at [D:\re\workspace\8-2-build-windows-amd64-cygwin\jdk8u40\2855\hotspot\src\share\vm\classfile\systemDictionary.cpp, line 210]
Event: 1.602 Thread 0x0000000002493800 Exception <a 'java/lang/ClassNotFoundException': scala/reflect/ScalaLongSignature> (0x00000000eace6138) thrown at [D:\re\workspace\8-2-build-windows-amd64-cygwin\jdk8u40\2855\hotspot\src\share\vm\classfile\systemDictionary.cpp, line 210]
Event: 1.605 Thread 0x0000000002493800 Exception <a 'java/lang/ClassNotFoundException': scala/reflect/ScalaSignature> (0x00000000eacfa258) thrown at [D:\re\workspace\8-2-build-windows-amd64-cygwin\jdk8u40\2855\hotspot\src\share\vm\classfile\systemDictionary.cpp, line 210]
Event: 1.605 Thread 0x0000000002493800 Exception <a 'java/lang/ClassNotFoundException': scala/reflect/ScalaLongSignature> (0x00000000eacfa970) thrown at [D:\re\workspace\8-2-build-windows-amd64-cygwin\jdk8u40\2855\hotspot\src\share\vm\classfile\systemDictionary.cpp, line 210]
Event: 1.607 Thread 0x0000000002493800 Exception <a 'java/lang/ClassNotFoundException': scala/reflect/ScalaSignature> (0x00000000ead09e18) thrown at [D:\re\workspace\8-2-build-windows-amd64-cygwin\jdk8u40\2855\hotspot\src\share\vm\classfile\systemDictionary.cpp, line 210]
Event: 1.607 Thread 0x0000000002493800 Exception <a 'java/lang/ClassNotFoundException': scala/reflect/ScalaLongSignature> (0x00000000ead0a3a0) thrown at [D:\re\workspace\8-2-build-windows-amd64-cygwin\jdk8u40\2855\hotspot\src\share\vm\classfile\systemDictionary.cpp, line 210]
Event: 1.607 Thread 0x0000000002493800 Exception <a 'java/lang/ArrayIndexOutOfBoundsException'> (0x00000000ead0f260) thrown at [D:\re\workspace\8-2-build-windows-amd64-cygwin\jdk8u40\2855\hotspot\src\share\vm\runtime\sharedRuntime.cpp, line 605]

Events (10 events):
Event: 1.620 loading class <root>/scala$module
Event: 1.620 loading class <root>/scala$module done
Event: 1.620 loading class scala
Event: 1.620 loading class scala done
Event: 1.635 loading class java/beans/SimpleBeanInfo
Event: 1.635 loading class java/beans/BeanInfo
Event: 1.635 loading class java/beans/BeanInfo done
Event: 1.635 loading class java/beans/SimpleBeanInfo done
Event: 1.643 Executing VM operation: ForceSafepoint
Event: 1.644 Executing VM operation: ForceSafepoint done


Dynamic libraries:
0x00007ff66df90000 - 0x00007ff66dfc7000 	C:\Program Files\Java\jdk1.8.0_40\jre\bin\java.exe
0x00007ffb3b630000 - 0x00007ffb3b7f1000 	C:\WINDOWS\SYSTEM32\ntdll.dll
0x00007ffb39870000 - 0x00007ffb3991d000 	C:\WINDOWS\system32\KERNEL32.DLL
0x00007ffb37e60000 - 0x00007ffb38048000 	C:\WINDOWS\system32\KERNELBASE.dll
0x00007ffb35fb0000 - 0x00007ffb36029000 	C:\WINDOWS\system32\apphelp.dll
0x00007ffb39320000 - 0x00007ffb393c7000 	C:\WINDOWS\system32\ADVAPI32.dll
0x00007ffb3b300000 - 0x00007ffb3b39d000 	C:\WINDOWS\system32\msvcrt.dll
0x00007ffb38f90000 - 0x00007ffb38feb000 	C:\WINDOWS\system32\sechost.dll
0x00007ffb38a30000 - 0x00007ffb38b4c000 	C:\WINDOWS\system32\RPCRT4.dll
0x00007ffb39560000 - 0x00007ffb396b6000 	C:\WINDOWS\system32\USER32.dll
0x00007ffb393d0000 - 0x00007ffb39556000 	C:\WINDOWS\system32\GDI32.dll
0x00007ffb31a10000 - 0x00007ffb31c84000 	C:\WINDOWS\WinSxS\amd64_microsoft.windows.common-controls_6595b64144ccf1df_6.0.10586.0_none_8c15ae12515e1c22\COMCTL32.dll
0x00007ffb390a0000 - 0x00007ffb3931d000 	C:\WINDOWS\system32\combase.dll
0x00007ffb387f0000 - 0x00007ffb3885a000 	C:\WINDOWS\system32\bcryptPrimitives.dll
0x00007ffb3b2c0000 - 0x00007ffb3b2fb000 	C:\WINDOWS\system32\IMM32.DLL
0x000000006d580000 - 0x000000006d652000 	C:\Program Files\Java\jdk1.8.0_40\jre\bin\msvcr100.dll
0x000000006b460000 - 0x000000006bce3000 	C:\Program Files\Java\jdk1.8.0_40\jre\bin\server\jvm.dll
0x00007ffb3b3a0000 - 0x00007ffb3b3a8000 	C:\WINDOWS\system32\PSAPI.DLL
0x00007ffb24950000 - 0x00007ffb24959000 	C:\WINDOWS\SYSTEM32\WSOCK32.dll
0x00007ffb36400000 - 0x00007ffb36423000 	C:\WINDOWS\SYSTEM32\WINMM.dll
0x00007ffb33430000 - 0x00007ffb3343a000 	C:\WINDOWS\SYSTEM32\VERSION.dll
0x00007ffb39730000 - 0x00007ffb3979b000 	C:\WINDOWS\system32\WS2_32.dll
0x0000000000990000 - 0x00000000009bc000 	C:\WINDOWS\SYSTEM32\WINMMBASE.dll
0x00007ffb37ce0000 - 0x00007ffb37d23000 	C:\WINDOWS\system32\cfgmgr32.dll
0x000000006d530000 - 0x000000006d53f000 	C:\Program Files\Java\jdk1.8.0_40\jre\bin\verify.dll
0x000000006d500000 - 0x000000006d529000 	C:\Program Files\Java\jdk1.8.0_40\jre\bin\java.dll
0x000000006cd40000 - 0x000000006cd56000 	C:\Program Files\Java\jdk1.8.0_40\jre\bin\zip.dll
0x00007ffb39b50000 - 0x00007ffb3b0ac000 	C:\WINDOWS\system32\SHELL32.dll
0x00007ffb38110000 - 0x00007ffb38755000 	C:\WINDOWS\system32\windows.storage.dll
0x00007ffb39a90000 - 0x00007ffb39ae2000 	C:\WINDOWS\system32\shlwapi.dll
0x00007ffb37c60000 - 0x00007ffb37c6f000 	C:\WINDOWS\system32\kernel.appcore.dll
0x00007ffb38050000 - 0x00007ffb38105000 	C:\WINDOWS\system32\shcore.dll
0x00007ffb37c90000 - 0x00007ffb37cdb000 	C:\WINDOWS\system32\powrprof.dll
0x00007ffb37c70000 - 0x00007ffb37c84000 	C:\WINDOWS\system32\profapi.dll
0x000000006c6a0000 - 0x000000006c6ba000 	C:\Program Files\Java\jdk1.8.0_40\jre\bin\net.dll
0x00007ffb37580000 - 0x00007ffb375dc000 	C:\WINDOWS\system32\mswsock.dll
0x000000006b440000 - 0x000000006b451000 	C:\Program Files\Java\jdk1.8.0_40\jre\bin\nio.dll
0x00007ffb37630000 - 0x00007ffb37647000 	C:\WINDOWS\SYSTEM32\CRYPTSP.dll
0x00007ffb37260000 - 0x00007ffb37294000 	C:\WINDOWS\system32\rsaenh.dll
0x00007ffb37b80000 - 0x00007ffb37ba9000 	C:\WINDOWS\SYSTEM32\bcrypt.dll
0x00007ffb37410000 - 0x00007ffb3742f000 	C:\WINDOWS\SYSTEM32\USERENV.dll
0x00007ffb37750000 - 0x00007ffb3775b000 	C:\WINDOWS\SYSTEM32\CRYPTBASE.dll
0x00007ffb34b80000 - 0x00007ffb34bb8000 	C:\WINDOWS\SYSTEM32\IPHLPAPI.DLL
0x00007ffb39920000 - 0x00007ffb39928000 	C:\WINDOWS\system32\NSI.dll
0x00007ffb33fd0000 - 0x00007ffb33fe6000 	C:\WINDOWS\SYSTEM32\dhcpcsvc6.DLL
0x00007ffb33ef0000 - 0x00007ffb33f0a000 	C:\WINDOWS\SYSTEM32\dhcpcsvc.DLL
0x00007ffb1f060000 - 0x00007ffb1f06a000 	C:\Users\anthony\AppData\Local\Temp\jansi-64-1-7067705872644752524.11
0x00007ffb2a670000 - 0x00007ffb2a7fc000 	C:\WINDOWS\SYSTEM32\dbghelp.dll

VM Arguments:
jvm_args: -Xmx1024m -Xms128m -Xss1m -XX:+UseCodeCacheFlushing -XX:+CMSClassUnloadingEnabled -XX:MaxPermSize=256m -Djline.terminal=unix -Djline.WindowsTerminal.directConsole=false 
java_command: C:\Program Files\NetBeans 8.1\nbscala\modules\ext\org.netbeans.libs.sbt\1\org-scala-sbt\sbt-launch.jar
java_class_path (initial): C:\Program Files\NetBeans 8.1\nbscala\modules\ext\org.netbeans.libs.sbt\1\org-scala-sbt\sbt-launch.jar
Launcher Type: SUN_STANDARD

Environment Variables:
JAVA_HOME=C:\Program Files (x86)\Java\jdk1.7.0_55
USERNAME=anthony
OS=Windows_NT
PROCESSOR_IDENTIFIER=Intel64 Family 6 Model 60 Stepping 3, GenuineIntel



---------------  S Y S T E M  ---------------

OS: Windows 10.0 , 64 bit Build 10586 (10.0.10586.0)

CPU:total 8 (4 cores per cpu, 2 threads per core) family 6 model 60 stepping 3, cmov, cx8, fxsr, mmx, sse, sse2, sse3, ssse3, sse4.1, sse4.2, popcnt, avx, avx2, aes, clmul, erms, lzcnt, ht, tsc, tscinvbit, bmi1, bmi2

Memory: 4k page, physical 16695048k(2358440k free), swap 44620804k(4300k free)

vm_info: Java HotSpot(TM) 64-Bit Server VM (25.40-b25) for windows-amd64 JRE (1.8.0_40-b25), built on Feb 10 2015 21:53:57 by "java_re" with MS VC++ 10.0 (VS2010)

time: Mon May 30 01:13:42 2016
elapsed time: 1 seconds (0d 0h 0m 1s)

