#
# A fatal error has been detected by the Java Runtime Environment:
#
#  EXCEPTION_ACCESS_VIOLATION (0xc0000005) at pc=0x64c2f544, pid=19168, tid=11960
#
# JRE version: Java(TM) SE Runtime Environment (7.0_55-b13) (build 1.7.0_55-b13)
# Java VM: Java HotSpot(TM) Client VM (24.55-b03 mixed mode windows-x86 )
# Problematic frame:
# C  [jniloader5419856409635891871netlib-native_ref-win-i686.dll+0x2af544]
#
# Failed to write core dump. Minidumps are not enabled by default on client versions of Windows
#
# If you would like to submit a bug report, please visit:
#   http://bugreport.sun.com/bugreport/crash.jsp
# The crash happened outside the Java Virtual Machine in native code.
# See problematic frame for where to report the bug.
#

---------------  T H R E A D  ---------------

Current thread (0x50e03c00):  JavaThread "run-main-0" [_thread_in_native, id=11960, stack(0x50a40000,0x50a90000)]

siginfo: ExceptionCode=0xc0000005, reading address 0x08d98e00

Registers:
EAX=0x00000001, EBX=0x00000004, ECX=0x0ad98e60, EDX=0x00000001
ESP=0x50a8e0ac, EBP=0x08d98e00, ESI=0x00000002, EDI=0x00000001
EIP=0x64c2f544, EFLAGS=0x00010202

Top of Stack: (sp=0x50a8e0ac)
0x50a8e0ac:   00000002 ffffffe0 0ad98e60 fffffffb
0x50a8e0bc:   64b5996f 50a8e1b4 0ad98e60 64e2d044
0x50a8e0cc:   08d98e00 64e2d044 50a8e1bc 0ad98ed0
0x50a8e0dc:   64e2d044 64e2d060 0ad98e20 64e2d044
0x50a8e0ec:   0000000c 4f5555a8 50a8e130 5476417c
0x50a8e0fc:   4f5555ac 00000004 ffffffe0 00000004
0x50a8e10c:   00000028 4f5555a8 fffffffb 00000000
0x50a8e11c:   00000001 50a8e154 546c1713 50e03c00 

Instructions: (pc=0x64c2f544)
0x64c2f524:   45 f8 dd 59 f8 dd 5d f8 83 fa ff 75 cf e9 4d ff
0x64c2f534:   ff ff 8d 72 01 b8 01 00 00 00 66 90 dd 44 c1 f8
0x64c2f544:   dd 44 c5 f8 dd 5c c1 f8 dd 5c c5 f8 83 c0 01 39
0x64c2f554:   f0 75 e9 83 fb 02 89 f0 7f 85 e9 20 ff ff ff 90 


Register to memory mapping:

EAX=0x00000001 is an unknown value
EBX=0x00000004 is an unknown value
ECX=
[error occurred during error reporting (printing register info), id 0xc0000005]

Stack: [0x50a40000,0x50a90000],  sp=0x50a8e0ac,  free space=312k
Native frames: (J=compiled Java code, j=interpreted, Vv=VM code, C=native code)
C  [jniloader5419856409635891871netlib-native_ref-win-i686.dll+0x2af544]

[error occurred during error reporting (printing native stack), id 0xc0000005]

Java frames: (J=compiled Java code, j=interpreted, Vv=VM code)
j  com.github.fommil.netlib.NativeRefLAPACK.dgetri(I[DI[I[DILorg/netlib/util/intW;)V+0
j  breeze.linalg.inv$$anon$1.apply(Ljava/lang/Object;)Lbreeze/linalg/DenseMatrix;+163
j  breeze.linalg.inv$$anon$1.apply(Ljava/lang/Object;)Ljava/lang/Object;+2
j  breeze.generic.UFunc$class.apply(Lbreeze/generic/UFunc;Ljava/lang/Object;Lbreeze/generic/UFunc$UImpl;)Ljava/lang/Object;+2
j  breeze.linalg.inv$.apply(Ljava/lang/Object;Lbreeze/generic/UFunc$UImpl;)Ljava/lang/Object;+3
j  $line25.$read$$iw$$iw$$iw$$iw$$iw$$iw$$iw$$iw$$iw$$iw$$iw$$iw$$iw$$iw$.<init>()V+37
j  $line25.$read$$iw$$iw$$iw$$iw$$iw$$iw$$iw$$iw$$iw$$iw$$iw$$iw$$iw$$iw$.<clinit>()V+3
v  ~StubRoutines::call_stub
j  $line25.$eval$.$print$lzycompute()Ljava/lang/String;+16
j  $line25.$eval$.$print()Ljava/lang/String;+12
j  $line25.$eval.$print()Ljava/lang/String;+3
v  ~StubRoutines::call_stub
j  sun.reflect.NativeMethodAccessorImpl.invoke0(Ljava/lang/reflect/Method;Ljava/lang/Object;[Ljava/lang/Object;)Ljava/lang/Object;+0
j  sun.reflect.NativeMethodAccessorImpl.invoke(Ljava/lang/Object;[Ljava/lang/Object;)Ljava/lang/Object;+87
j  sun.reflect.DelegatingMethodAccessorImpl.invoke(Ljava/lang/Object;[Ljava/lang/Object;)Ljava/lang/Object;+6
j  java.lang.reflect.Method.invoke(Ljava/lang/Object;[Ljava/lang/Object;)Ljava/lang/Object;+57
j  scala.tools.nsc.interpreter.IMain$ReadEvalPrint.call(Ljava/lang/String;Lscala/collection/Seq;)Ljava/lang/Object;+87
j  scala.tools.nsc.interpreter.IMain$Request.loadAndRun()Lscala/Tuple2;+33
j  scala.tools.nsc.interpreter.IMain$WrappedRequest$$anonfun$loadAndRunReq$1.apply()Lscala/tools/nsc/interpreter/Results$Result;+7
j  scala.tools.nsc.interpreter.IMain$WrappedRequest$$anonfun$loadAndRunReq$1.apply()Ljava/lang/Object;+1
j  scala.reflect.internal.util.ScalaClassLoader$class.asContext(Lscala/reflect/internal/util/ScalaClassLoader;Lscala/Function0;)Ljava/lang/Object;+18
j  scala.reflect.internal.util.AbstractFileClassLoader.asContext(Lscala/Function0;)Ljava/lang/Object;+2
j  scala.tools.nsc.interpreter.IMain$WrappedRequest.loadAndRunReq()Lscala/tools/nsc/interpreter/Results$Result;+15
j  scala.tools.nsc.interpreter.IMain.interpret(Ljava/lang/String;Z)Lscala/tools/nsc/interpreter/Results$Result;+62
j  scala.tools.nsc.interpreter.IMain.interpret(Ljava/lang/String;)Lscala/tools/nsc/interpreter/Results$Result;+3
j  scala.tools.nsc.interpreter.ILoop.interpretStartingWith(Ljava/lang/String;)Lscala/Option;+281
j  scala.tools.nsc.interpreter.ILoop.command(Ljava/lang/String;)Lscala/tools/nsc/interpreter/LoopCommands$Result;+68
j  scala.tools.nsc.interpreter.ILoop.processLine(Ljava/lang/String;)Z+31
j  scala.tools.nsc.interpreter.ILoop.loop()Lscala/Enumeration$Value;+60
j  scala.tools.nsc.interpreter.ILoop$$anonfun$process$1.apply$mcZ$sp()Z+133
j  scala.tools.nsc.interpreter.ILoop$$anonfun$process$1.apply()Z+1
j  scala.tools.nsc.interpreter.ILoop$$anonfun$process$1.apply()Ljava/lang/Object;+1
j  scala.reflect.internal.util.ScalaClassLoader$.savingContextLoader(Lscala/Function0;)Ljava/lang/Object;+6
j  scala.tools.nsc.interpreter.ILoop.process(Lscala/tools/nsc/Settings;)Z+12
j  scala.tools.nsc.interpreter.ILoop.main(Lscala/tools/nsc/Settings;)V+2
j  xsbt.ConsoleInterface.run([Ljava/lang/String;Ljava/lang/String;Ljava/lang/String;Ljava/lang/String;Ljava/lang/String;Ljava/lang/ClassLoader;[Ljava/lang/String;[Ljava/lang/Object;Lxsbti/Logger;)V+141
v  ~StubRoutines::call_stub
j  sun.reflect.NativeMethodAccessorImpl.invoke0(Ljava/lang/reflect/Method;Ljava/lang/Object;[Ljava/lang/Object;)Ljava/lang/Object;+0
j  sun.reflect.NativeMethodAccessorImpl.invoke(Ljava/lang/Object;[Ljava/lang/Object;)Ljava/lang/Object;+87
j  sun.reflect.DelegatingMethodAccessorImpl.invoke(Ljava/lang/Object;[Ljava/lang/Object;)Ljava/lang/Object;+6
j  java.lang.reflect.Method.invoke(Ljava/lang/Object;[Ljava/lang/Object;)Ljava/lang/Object;+57
j  sbt.compiler.AnalyzingCompiler.call(Ljava/lang/String;Ljava/lang/String;Lsbt/Logger;Lscala/collection/Seq;Lscala/collection/Seq;)Ljava/lang/Object;+61
j  sbt.compiler.AnalyzingCompiler.console(Lscala/collection/Seq;Lscala/collection/Seq;Ljava/lang/String;Ljava/lang/String;Lsbt/Logger;Lscala/Option;Lscala/collection/Seq;)V+341
j  sbt.Console.sbt$Console$$console0$1(Lscala/collection/Seq;Lscala/collection/Seq;Ljava/lang/String;Ljava/lang/String;Lscala/Option;Lscala/collection/Seq;Lsbt/Logger;)V+15
j  sbt.Console$$anonfun$apply$2$$anonfun$apply$1.apply$mcV$sp()V+56
j  sbt.Console$$anonfun$apply$2$$anonfun$apply$1.apply()V+1
j  sbt.Console$$anonfun$apply$2$$anonfun$apply$1.apply()Ljava/lang/Object;+1
j  sbt.Logger$$anon$4.apply()Ljava/lang/Object;+4
j  sbt.TrapExit$App.run()V+4
j  java.lang.Thread.run()V+11
v  ~StubRoutines::call_stub

---------------  P R O C E S S  ---------------

Java Threads: ( => current thread )
  0x517ad400 JavaThread "ForkJoinPool-1-worker-13" daemon [_thread_blocked, id=30124, stack(0x50ae0000,0x50b30000)]
=>0x50e03c00 JavaThread "run-main-0" [_thread_in_native, id=11960, stack(0x50a40000,0x50a90000)]
  0x50d76000 JavaThread "pool-4-thread-3" [_thread_blocked, id=9996, stack(0x50890000,0x508e0000)]
  0x4f566c00 JavaThread "Service Thread" daemon [_thread_blocked, id=23932, stack(0x4fa30000,0x4fa80000)]
  0x4f563c00 JavaThread "C1 CompilerThread0" daemon [_thread_blocked, id=29300, stack(0x4f9a0000,0x4f9f0000)]
  0x4f55a800 JavaThread "Attach Listener" daemon [_thread_blocked, id=24680, stack(0x4f8f0000,0x4f940000)]
  0x4f550000 JavaThread "Signal Dispatcher" daemon [_thread_blocked, id=34004, stack(0x4f450000,0x4f4a0000)]
  0x4f54f800 JavaThread "Surrogate Locker Thread (Concurrent GC)" daemon [_thread_blocked, id=24092, stack(0x4f3c0000,0x4f410000)]
  0x4d848800 JavaThread "Finalizer" daemon [_thread_blocked, id=33412, stack(0x4f330000,0x4f380000)]
  0x4d843800 JavaThread "Reference Handler" daemon [_thread_blocked, id=33520, stack(0x02980000,0x029d0000)]
  0x02a2e000 JavaThread "main" [_thread_blocked, id=7936, stack(0x00940000,0x00990000)]

Other Threads:
  0x4d840800 VMThread [stack: 0x028f0000,0x02940000] [id=5568]
  0x4f573000 WatcherThread [stack: 0x4fac0000,0x4fb10000] [id=21264]

VM state:not at safepoint (normal execution)

VM Mutex/Monitor currently owned by a thread: None

Heap
 par new generation   total 4928K, used 2028K [0x0ac30000, 0x0b180000, 0x1f980000)
  eden space 4416K,  34% used [0x0ac30000, 0x0adab2c8, 0x0b080000)
  from space 512K, 100% used [0x0b080000, 0x0b100000, 0x0b100000)
  to   space 512K,   0% used [0x0b100000, 0x0b100000, 0x0b180000)
 concurrent mark-sweep generation total 139616K, used 94648K [0x1f980000, 0x281d8000, 0x49430000)
 concurrent-mark-sweep perm gen total 65536K, used 53133K [0x49430000, 0x4d430000, 0x4d430000)

Card table byte_map: [0x4d430000,0x4d650000] byte_map_base: 0x4d3d9e80

Polling page: 0x00fc0000

Code Cache  [0x02a30000, 0x033c0000, 0x0aa30000)
 total_blobs=7276 nmethods=6781 adapters=425 free_code_cache=121302Kb largest_free_block=124209216

Compilation events (10 events):
Event: 3368.306 Thread 0x4f563c00 6877             scala.collection.TraversableLike$class::init (74 bytes)
Event: 3368.306 Thread 0x4f563c00 nmethod 6877 0x0339b908 code [0x0339ba80, 0x0339bd44]
Event: 3368.307 Thread 0x4f563c00 6878             scala.collection.mutable.ListBuffer::sizeHint (7 bytes)
Event: 3368.307 Thread 0x4f563c00 nmethod 6878 0x0339bf48 code [0x0339c050, 0x0339c13c]
Event: 3368.315 Thread 0x4f563c00 6879             scala.tools.nsc.backend.icode.BasicBlocks$BasicBlock::setFlag (11 bytes)
Event: 3368.315 Thread 0x4f563c00 nmethod 6879 0x0339c1c8 code [0x0339c2c0, 0x0339c340]
Event: 3368.316 Thread 0x4f563c00 6880             scala.tools.nsc.backend.icode.GenICode$ICodePhase::scala$tools$nsc$backend$icode$GenICode$ICodePhase$$genLoad (2402 bytes)
Event: 3368.325 Thread 0x4f563c00 nmethod 6880 0x0339c388 code [0x0339d360, 0x033a2520]
Event: 3368.326 Thread 0x4f563c00 6881             scala.tools.nsc.backend.icode.BasicBlocks$BasicBlock::equals (81 bytes)
Event: 3368.326 Thread 0x4f563c00 nmethod 6881 0x033b9b08 code [0x033b9c40, 0x033b9e84]

GC Heap History (10 events):
Event: 3368.160 GC heap before
{Heap before GC invocations=219 (full 10):
 par new generation   total 4928K, used 4928K [0x0ac30000, 0x0b180000, 0x1f980000)
  eden space 4416K, 100% used [0x0ac30000, 0x0b080000, 0x0b080000)
  from space 512K, 100% used [0x0b100000, 0x0b180000, 0x0b180000)
  to   space 512K,   0% used [0x0b080000, 0x0b080000, 0x0b100000)
 concurrent mark-sweep generation total 139616K, used 92318K [0x1f980000, 0x281d8000, 0x49430000)
 concurrent-mark-sweep perm gen total 65536K, used 52974K [0x49430000, 0x4d430000, 0x4d430000)
Event: 3368.162 GC heap after
Heap after GC invocations=220 (full 10):
 par new generation   total 4928K, used 512K [0x0ac30000, 0x0b180000, 0x1f980000)
  eden space 4416K,   0% used [0x0ac30000, 0x0ac30000, 0x0b080000)
  from space 512K, 100% used [0x0b080000, 0x0b100000, 0x0b100000)
  to   space 512K,   0% used [0x0b100000, 0x0b100000, 0x0b180000)
 concurrent mark-sweep generation total 139616K, used 92731K [0x1f980000, 0x281d8000, 0x49430000)
 concurrent-mark-sweep perm gen total 65536K, used 52974K [0x49430000, 0x4d430000, 0x4d430000)
}
Event: 3368.204 GC heap before
{Heap before GC invocations=220 (full 10):
 par new generation   total 4928K, used 4928K [0x0ac30000, 0x0b180000, 0x1f980000)
  eden space 4416K, 100% used [0x0ac30000, 0x0b080000, 0x0b080000)
  from space 512K, 100% used [0x0b080000, 0x0b100000, 0x0b100000)
  to   space 512K,   0% used [0x0b100000, 0x0b100000, 0x0b180000)
 concurrent mark-sweep generation total 139616K, used 92731K [0x1f980000, 0x281d8000, 0x49430000)
 concurrent-mark-sweep perm gen total 65536K, used 53053K [0x49430000, 0x4d430000, 0x4d430000)
Event: 3368.205 GC heap after
Heap after GC invocations=221 (full 10):
 par new generation   total 4928K, used 512K [0x0ac30000, 0x0b180000, 0x1f980000)
  eden space 4416K,   0% used [0x0ac30000, 0x0ac30000, 0x0b080000)
  from space 512K, 100% used [0x0b100000, 0x0b180000, 0x0b180000)
  to   space 512K,   0% used [0x0b080000, 0x0b080000, 0x0b100000)
 concurrent mark-sweep generation total 139616K, used 92932K [0x1f980000, 0x281d8000, 0x49430000)
 concurrent-mark-sweep perm gen total 65536K, used 53053K [0x49430000, 0x4d430000, 0x4d430000)
}
Event: 3368.241 GC heap before
{Heap before GC invocations=221 (full 10):
 par new generation   total 4928K, used 4928K [0x0ac30000, 0x0b180000, 0x1f980000)
  eden space 4416K, 100% used [0x0ac30000, 0x0b080000, 0x0b080000)
  from space 512K, 100% used [0x0b100000, 0x0b180000, 0x0b180000)
  to   space 512K,   0% used [0x0b080000, 0x0b080000, 0x0b100000)
 concurrent mark-sweep generation total 139616K, used 92932K [0x1f980000, 0x281d8000, 0x49430000)
 concurrent-mark-sweep perm gen total 65536K, used 53108K [0x49430000, 0x4d430000, 0x4d430000)
Event: 3368.243 GC heap after
Heap after GC invocations=222 (full 10):
 par new generation   total 4928K, used 512K [0x0ac30000, 0x0b180000, 0x1f980000)
  eden space 4416K,   0% used [0x0ac30000, 0x0ac30000, 0x0b080000)
  from space 512K, 100% used [0x0b080000, 0x0b100000, 0x0b100000)
  to   space 512K,   0% used [0x0b100000, 0x0b100000, 0x0b180000)
 concurrent mark-sweep generation total 139616K, used 93595K [0x1f980000, 0x281d8000, 0x49430000)
 concurrent-mark-sweep perm gen total 65536K, used 53108K [0x49430000, 0x4d430000, 0x4d430000)
}
Event: 3368.278 GC heap before
{Heap before GC invocations=222 (full 10):
 par new generation   total 4928K, used 4928K [0x0ac30000, 0x0b180000, 0x1f980000)
  eden space 4416K, 100% used [0x0ac30000, 0x0b080000, 0x0b080000)
  from space 512K, 100% used [0x0b080000, 0x0b100000, 0x0b100000)
  to   space 512K,   0% used [0x0b100000, 0x0b100000, 0x0b180000)
 concurrent mark-sweep generation total 139616K, used 93595K [0x1f980000, 0x281d8000, 0x49430000)
 concurrent-mark-sweep perm gen total 65536K, used 53108K [0x49430000, 0x4d430000, 0x4d430000)
Event: 3368.279 GC heap after
Heap after GC invocations=223 (full 10):
 par new generation   total 4928K, used 512K [0x0ac30000, 0x0b180000, 0x1f980000)
  eden space 4416K,   0% used [0x0ac30000, 0x0ac30000, 0x0b080000)
  from space 512K, 100% used [0x0b100000, 0x0b180000, 0x0b180000)
  to   space 512K,   0% used [0x0b080000, 0x0b080000, 0x0b100000)
 concurrent mark-sweep generation total 139616K, used 94049K [0x1f980000, 0x281d8000, 0x49430000)
 concurrent-mark-sweep perm gen total 65536K, used 53108K [0x49430000, 0x4d430000, 0x4d430000)
}
Event: 3368.309 GC heap before
{Heap before GC invocations=223 (full 10):
 par new generation   total 4928K, used 4928K [0x0ac30000, 0x0b180000, 0x1f980000)
  eden space 4416K, 100% used [0x0ac30000, 0x0b080000, 0x0b080000)
  from space 512K, 100% used [0x0b100000, 0x0b180000, 0x0b180000)
  to   space 512K,   0% used [0x0b080000, 0x0b080000, 0x0b100000)
 concurrent mark-sweep generation total 139616K, used 94049K [0x1f980000, 0x281d8000, 0x49430000)
 concurrent-mark-sweep perm gen total 65536K, used 53108K [0x49430000, 0x4d430000, 0x4d430000)
Event: 3368.310 GC heap after
Heap after GC invocations=224 (full 10):
 par new generation   total 4928K, used 512K [0x0ac30000, 0x0b180000, 0x1f980000)
  eden space 4416K,   0% used [0x0ac30000, 0x0ac30000, 0x0b080000)
  from space 512K, 100% used [0x0b080000, 0x0b100000, 0x0b100000)
  to   space 512K,   0% used [0x0b100000, 0x0b100000, 0x0b180000)
 concurrent mark-sweep generation total 139616K, used 94648K [0x1f980000, 0x281d8000, 0x49430000)
 concurrent-mark-sweep perm gen total 65536K, used 53108K [0x49430000, 0x4d430000, 0x4d430000)
}

Deoptimization events (0 events):
No events

Internal exceptions (10 events):
Event: 3368.324 Thread 0x50e03c00 Threw 0x0ad807e0 at C:\re\jdk7u55\869\hotspot\src\share\vm\prims\jvm.cpp:1244
Event: 3368.324 Thread 0x50e03c00 Threw 0x0ad80da8 at C:\re\jdk7u55\869\hotspot\src\share\vm\prims\jvm.cpp:1244
Event: 3368.324 Thread 0x50e03c00 Threw 0x0ad81580 at C:\re\jdk7u55\869\hotspot\src\share\vm\prims\jvm.cpp:1244
Event: 3368.324 Thread 0x50e03c00 Threw 0x0ad81fa8 at C:\re\jdk7u55\869\hotspot\src\share\vm\prims\jvm.cpp:1244
Event: 3368.324 Thread 0x50e03c00 Threw 0x0ad882f8 at C:\re\jdk7u55\869\hotspot\src\share\vm\prims\jvm.cpp:1244
Event: 3368.324 Thread 0x50e03c00 Threw 0x0ad88928 at C:\re\jdk7u55\869\hotspot\src\share\vm\prims\jvm.cpp:1244
Event: 3368.324 Thread 0x50e03c00 Threw 0x0ad89168 at C:\re\jdk7u55\869\hotspot\src\share\vm\prims\jvm.cpp:1244
Event: 3368.324 Thread 0x50e03c00 Threw 0x0ad89d38 at C:\re\jdk7u55\869\hotspot\src\share\vm\prims\jvm.cpp:1244
Event: 3368.325 Thread 0x50e03c00 Threw 0x0ad8f8a8 at C:\re\jdk7u55\869\hotspot\src\share\vm\prims\jvm.cpp:1244
Event: 3368.325 Thread 0x50e03c00 Threw 0x0ad95de0 at C:\re\jdk7u55\869\hotspot\src\share\vm\prims\jvm.cpp:1244

Events (10 events):
Event: 3368.320 loading class 0x51d9ad70
Event: 3368.320 loading class 0x51d9ad70 done
Event: 3368.321 loading class 0x51cc7958
Event: 3368.321 loading class 0x51cc7958 done
Event: 3368.322 loading class 0x518da5b8
Event: 3368.322 loading class 0x518da5b8 done
Event: 3368.324 loading class 0x519e8c40
Event: 3368.324 loading class 0x519e8c40 done
Event: 3368.324 loading class 0x519bf6a0
Event: 3368.324 loading class 0x519bf6a0 done


Dynamic libraries:
0x01030000 - 0x0105f000 	C:\Program Files (x86)\Java\jdk1.7.0_55\bin\java.exe
0x77a10000 - 0x77b8b000 	C:\WINDOWS\SYSTEM32\ntdll.dll
0x76980000 - 0x76a60000 	C:\WINDOWS\SYSTEM32\KERNEL32.DLL
0x76620000 - 0x7679e000 	C:\WINDOWS\SYSTEM32\KERNELBASE.dll
0x6fe60000 - 0x6fef2000 	C:\WINDOWS\system32\apphelp.dll
0x76db0000 - 0x76e2b000 	C:\WINDOWS\SYSTEM32\ADVAPI32.dll
0x76e30000 - 0x76eee000 	C:\WINDOWS\SYSTEM32\msvcrt.dll
0x765d0000 - 0x76614000 	C:\WINDOWS\SYSTEM32\sechost.dll
0x761f0000 - 0x7629d000 	C:\WINDOWS\SYSTEM32\RPCRT4.dll
0x74740000 - 0x7475e000 	C:\WINDOWS\SYSTEM32\SspiCli.dll
0x74730000 - 0x7473a000 	C:\WINDOWS\SYSTEM32\CRYPTBASE.dll
0x76190000 - 0x761e8000 	C:\WINDOWS\SYSTEM32\bcryptPrimitives.dll
0x75f70000 - 0x760b7000 	C:\WINDOWS\SYSTEM32\USER32.dll
0x767a0000 - 0x768ef000 	C:\WINDOWS\SYSTEM32\GDI32.dll
0x6f1e0000 - 0x6f3ef000 	C:\WINDOWS\WinSxS\x86_microsoft.windows.common-controls_6595b64144ccf1df_6.0.10586.0_none_d3c2e4e965da4528\COMCTL32.dll
0x748d0000 - 0x74a8d000 	C:\WINDOWS\SYSTEM32\combase.dll
0x75ea0000 - 0x75ecb000 	C:\WINDOWS\SYSTEM32\IMM32.DLL
0x6d870000 - 0x6d92f000 	C:\Program Files (x86)\Java\jdk1.7.0_55\jre\bin\msvcr100.dll
0x546c0000 - 0x54a40000 	C:\Program Files (x86)\Java\jdk1.7.0_55\jre\bin\client\jvm.dll
0x75e90000 - 0x75e96000 	C:\WINDOWS\SYSTEM32\PSAPI.DLL
0x73270000 - 0x73278000 	C:\WINDOWS\SYSTEM32\WSOCK32.dll
0x6ec80000 - 0x6eca4000 	C:\WINDOWS\SYSTEM32\WINMM.dll
0x74870000 - 0x748cf000 	C:\WINDOWS\SYSTEM32\WS2_32.dll
0x6ec50000 - 0x6ec73000 	C:\WINDOWS\SYSTEM32\WINMMBASE.dll
0x76590000 - 0x765c7000 	C:\WINDOWS\SYSTEM32\cfgmgr32.dll
0x6ff20000 - 0x6ff2c000 	C:\Program Files (x86)\Java\jdk1.7.0_55\jre\bin\verify.dll
0x6d850000 - 0x6d870000 	C:\Program Files (x86)\Java\jdk1.7.0_55\jre\bin\java.dll
0x6d830000 - 0x6d843000 	C:\Program Files (x86)\Java\jdk1.7.0_55\jre\bin\zip.dll
0x6d810000 - 0x6d824000 	C:\Program Files (x86)\Java\jdk1.7.0_55\jre\bin\net.dll
0x732e0000 - 0x7332f000 	C:\WINDOWS\system32\mswsock.dll
0x6fd40000 - 0x6fd4f000 	C:\Program Files (x86)\Java\jdk1.7.0_55\jre\bin\nio.dll
0x73060000 - 0x73073000 	C:\WINDOWS\SYSTEM32\CRYPTSP.dll
0x73020000 - 0x7304f000 	C:\WINDOWS\system32\rsaenh.dll
0x73ab0000 - 0x73acb000 	C:\WINDOWS\SYSTEM32\bcrypt.dll
0x73f90000 - 0x73fa9000 	C:\WINDOWS\SYSTEM32\USERENV.dll
0x762a0000 - 0x762af000 	C:\WINDOWS\SYSTEM32\profapi.dll
0x741b0000 - 0x741df000 	C:\WINDOWS\SYSTEM32\IPHLPAPI.DLL
0x77090000 - 0x77097000 	C:\WINDOWS\SYSTEM32\NSI.dll
0x71900000 - 0x71913000 	C:\WINDOWS\SYSTEM32\dhcpcsvc6.DLL
0x718e0000 - 0x718f4000 	C:\WINDOWS\SYSTEM32\dhcpcsvc.DLL
0x6fd10000 - 0x6fd18000 	C:\Users\anthony\AppData\Local\Temp\jansi-32-1-4526632447682160371.11
0x6aa30000 - 0x6aa42000 	C:\WINDOWS\system32\napinsp.dll
0x6aa10000 - 0x6aa26000 	C:\WINDOWS\system32\pnrpnsp.dll
0x6aa60000 - 0x6aa74000 	C:\WINDOWS\system32\NLAapi.dll
0x6f4c0000 - 0x6f544000 	C:\WINDOWS\SYSTEM32\DNSAPI.dll
0x6e8a0000 - 0x6e8ab000 	C:\WINDOWS\System32\winrnr.dll
0x63560000 - 0x63568000 	C:\Program Files (x86)\National Instruments\Shared\mDNS Responder\nimdnsNSP.dll
0x63550000 - 0x6355b000 	C:\WINDOWS\SYSTEM32\nimdnsResponder.dll
0x74270000 - 0x74313000 	C:\WINDOWS\WinSxS\x86_microsoft.vc90.crt_1fc8b3b9a1e18e3b_9.0.30729.9177_none_5093cc7abcb795e9\MSVCR90.dll
0x6a9c0000 - 0x6a9d1000 	C:\WINDOWS\System32\wshbth.dll
0x6f3f0000 - 0x6f411000 	C:\Program Files (x86)\Bonjour\mdnsNSP.dll
0x6e700000 - 0x6e708000 	C:\Windows\System32\rasadhlp.dll
0x6f190000 - 0x6f1d7000 	C:\WINDOWS\System32\fwpuclnt.dll
0x64980000 - 0x64e88000 	C:\Users\anthony\AppData\Local\Temp\jniloader5419856409635891871netlib-native_ref-win-i686.dll
0x74480000 - 0x745bf000 	C:\WINDOWS\SYSTEM32\dbghelp.dll

VM Arguments:
jvm_args: -Xmx1000M -XX:ReservedCodeCacheSize=128m -XX:+UseConcMarkSweepGC -XX:+CMSClassUnloadingEnabled -XX:-UseGCOverheadLimit -Dsbt.log.format=true 
java_command: xsbt.boot.Boot console
Launcher Type: SUN_STANDARD

Environment Variables:
JAVA_HOME=C:\Program Files (x86)\Java\jdk1.7.0_55
USERNAME=anthony
OS=Windows_NT
PROCESSOR_IDENTIFIER=Intel64 Family 6 Model 60 Stepping 3, GenuineIntel



---------------  S Y S T E M  ---------------

OS: Windows 8.1 , 64 bit Build 9600 

CPU:total 8 (4 cores per cpu, 2 threads per core) family 6 model 60 stepping 3, cmov, cx8, fxsr, mmx, sse, sse2, sse3, ssse3, sse4.1, sse4.2, popcnt, avx, avx2, aes, erms, ht, tsc, tscinvbit

Memory: 4k page, physical 16695048k(4815476k free), swap 37499192k(14844704k free)

vm_info: Java HotSpot(TM) Client VM (24.55-b03) for windows-x86 JRE (1.7.0_55-b13), built on Mar 17 2014 20:01:11 by "java_re" with unknown MS VC++:1600

time: Sun May 15 19:47:15 2016
elapsed time: 3368 seconds

