#
# There is insufficient memory for the Java Runtime Environment to continue.
# Native memory allocation (malloc) failed to allocate 1756656 bytes for Chunk::new
# Possible reasons:
#   The system is out of physical RAM or swap space
#   In 32 bit mode, the process size limit was hit
# Possible solutions:
#   Reduce memory load on the system
#   Increase physical memory or swap space
#   Check if swap backing store is full
#   Use 64 bit Java on a 64 bit OS
#   Decrease Java heap size (-Xmx/-Xms)
#   Decrease number of Java threads
#   Decrease Java thread stack sizes (-Xss)
#   Set larger code cache with -XX:ReservedCodeCacheSize=
# This output file may be truncated or incomplete.
#
#  Out of Memory Error (allocation.cpp:390), pid=20036, tid=6456
#
# JRE version: Java(TM) SE Runtime Environment (8.0_40-b25) (build 1.8.0_40-b25)
# Java VM: Java HotSpot(TM) 64-Bit Server VM (25.40-b25 mixed mode windows-amd64 compressed oops)
# Failed to write core dump. Minidumps are not enabled by default on client versions of Windows
#

---------------  T H R E A D  ---------------

Current thread (0x0000000016faf800):  JavaThread "C2 CompilerThread0" daemon [_thread_in_native, id=6456, stack(0x0000000017580000,0x0000000017680000)]

Stack: [0x0000000017580000,0x0000000017680000]
Native frames: (J=compiled Java code, j=interpreted, Vv=VM code, C=native code)
V  [jvm.dll+0x32b47a]
V  [jvm.dll+0x2797f3]
V  [jvm.dll+0x27a489]
V  [jvm.dll+0x2717a5]
V  [jvm.dll+0xcb9a2]
V  [jvm.dll+0xcbe6c]
V  [jvm.dll+0x476ea2]
V  [jvm.dll+0x4b950f]
V  [jvm.dll+0x46b92f]
V  [jvm.dll+0x46ccbe]
V  [jvm.dll+0x4500d2]
V  [jvm.dll+0xa4312]
V  [jvm.dll+0xa4c4f]
V  [jvm.dll+0x241914]
V  [jvm.dll+0x29848a]
C  [msvcr100.dll+0x21d9f]
C  [msvcr100.dll+0x21e3b]
C  [KERNEL32.DLL+0x18102]
C  [ntdll.dll+0x5c5b4]


Current CompileTask:
C2:   7602 6666       4       scala.reflect.internal.Trees$class::itransform (1911 bytes)


---------------  P R O C E S S  ---------------

Java Threads: ( => current thread )
  0x000000001e3ef000 JavaThread "pool-6-thread-9" [_thread_blocked, id=27500, stack(0x0000000021e40000,0x0000000021f40000)]
  0x00000000170f6800 JavaThread "pool-6-thread-8" [_thread_blocked, id=7016, stack(0x0000000021d40000,0x0000000021e40000)]
  0x000000001a818000 JavaThread "pool-6-thread-7" [_thread_blocked, id=19368, stack(0x0000000021c40000,0x0000000021d40000)]
  0x000000001a58d000 JavaThread "pool-6-thread-6" [_thread_in_native, id=24164, stack(0x0000000021b40000,0x0000000021c40000)]
  0x0000000017be6000 JavaThread "pool-6-thread-5" [_thread_blocked, id=10516, stack(0x0000000021a40000,0x0000000021b40000)]
  0x00000000195ed000 JavaThread "pool-6-thread-4" [_thread_blocked, id=28704, stack(0x0000000021940000,0x0000000021a40000)]
  0x000000001c840800 JavaThread "pool-6-thread-3" [_thread_blocked, id=7912, stack(0x0000000021840000,0x0000000021940000)]
  0x000000001bade800 JavaThread "pool-6-thread-2" [_thread_blocked, id=35252, stack(0x0000000021740000,0x0000000021840000)]
  0x000000001be65800 JavaThread "pool-6-thread-1" [_thread_blocked, id=868, stack(0x0000000021640000,0x0000000021740000)]
  0x000000001705b800 JavaThread "Service Thread" daemon [_thread_blocked, id=18788, stack(0x0000000017980000,0x0000000017a80000)]
  0x0000000016fcb000 JavaThread "C1 CompilerThread3" daemon [_thread_in_native, id=17000, stack(0x0000000017880000,0x0000000017980000)]
  0x0000000016fb7800 JavaThread "C2 CompilerThread2" daemon [_thread_blocked, id=36168, stack(0x0000000017780000,0x0000000017880000)]
  0x0000000016fb4800 JavaThread "C2 CompilerThread1" daemon [_thread_in_native, id=33140, stack(0x0000000017680000,0x0000000017780000)]
=>0x0000000016faf800 JavaThread "C2 CompilerThread0" daemon [_thread_in_native, id=6456, stack(0x0000000017580000,0x0000000017680000)]
  0x0000000016fbe800 JavaThread "Attach Listener" daemon [_thread_blocked, id=19416, stack(0x0000000017480000,0x0000000017580000)]
  0x0000000016fbc000 JavaThread "Signal Dispatcher" daemon [_thread_blocked, id=36220, stack(0x0000000017380000,0x0000000017480000)]
  0x000000000248c000 JavaThread "Finalizer" daemon [_thread_blocked, id=3012, stack(0x0000000016e80000,0x0000000016f80000)]
  0x0000000014fad000 JavaThread "Reference Handler" daemon [_thread_blocked, id=27496, stack(0x0000000016d80000,0x0000000016e80000)]
  0x0000000002393800 JavaThread "main" [_thread_blocked, id=26832, stack(0x0000000002230000,0x0000000002330000)]

Other Threads:
  0x0000000014fa8800 VMThread [stack: 0x0000000016c80000,0x0000000016d80000] [id=29508]
  0x0000000017005000 WatcherThread [stack: 0x0000000017a80000,0x0000000017b80000] [id=5144]

VM state:not at safepoint (normal execution)

VM Mutex/Monitor currently owned by a thread: None

Heap:
 PSYoungGen      total 128000K, used 124045K [0x00000000eab00000, 0x00000000f4880000, 0x0000000100000000)
  eden space 114688K, 96% used [0x00000000eab00000,0x00000000f1724808,0x00000000f1b00000)
  from space 13312K, 99% used [0x00000000f2e80000,0x00000000f3b7eea0,0x00000000f3b80000)
  to   space 19968K, 0% used [0x00000000f1b00000,0x00000000f1b00000,0x00000000f2e80000)
 ParOldGen       total 91136K, used 27952K [0x00000000c0000000, 0x00000000c5900000, 0x00000000eab00000)
  object space 91136K, 30% used [0x00000000c0000000,0x00000000c1b4c328,0x00000000c5900000)
 Metaspace       used 56421K, capacity 56943K, committed 57088K, reserved 1095680K
  class space    used 10350K, capacity 10495K, committed 10496K, reserved 1048576K

Card table byte_map: [0x0000000011850000,0x0000000011a60000] byte_map_base: 0x0000000011250000

Marking Bits: (ParMarkBitMap*) 0x000000006bc64040
 Begin Bits: [0x00000000123c0000, 0x00000000133c0000)
 End Bits:   [0x00000000133c0000, 0x00000000143c0000)

Polling page: 0x0000000000550000

CodeCache: size=245760Kb used=15489Kb max_used=15499Kb free=230270Kb
 bounds [0x0000000002490000, 0x00000000033d0000, 0x0000000011490000]
 total_blobs=6561 nmethods=6107 adapters=361
 compilation: enabled

Compilation events (10 events):
Event: 7.578 Thread 0x0000000016fb7800 nmethod 6719 0x0000000003390490 code [0x00000000033905e0, 0x00000000033909c8]
Event: 7.578 Thread 0x0000000016fb7800 6720       4       scala.tools.nsc.symtab.classfile.AbstractFileReader::nextChar (22 bytes)
Event: 7.579 Thread 0x0000000016fb7800 nmethod 6720 0x000000000338a490 code [0x000000000338a5c0, 0x000000000338a698]
Event: 7.580 Thread 0x0000000016fb7800 6732       4       sun.nio.cs.ThreadLocalCoders$1::hasName (43 bytes)
Event: 7.581 Thread 0x0000000016fb4800 nmethod 6727 0x000000000338fd90 code [0x000000000338fee0, 0x0000000003390118]
Event: 7.581 Thread 0x0000000016fb4800 6733       4       scala.reflect.internal.Symbols$ClassSymbol::isClass (5 bytes)
Event: 7.581 Thread 0x0000000016fb4800 nmethod 6733 0x000000000336ca50 code [0x000000000336cb80, 0x000000000336cbd8]
Event: 7.581 Thread 0x0000000016fb4800 6734       4       scala.reflect.internal.pickling.UnPickler$Scan::isSymbolEntry (43 bytes)
Event: 7.581 Thread 0x0000000016fb7800 nmethod 6732 0x00000000033943d0 code [0x0000000003394520, 0x0000000003394638]
Event: 7.581 Thread 0x0000000016fb7800 6735       4       java.nio.HeapCharBuffer::get (54 bytes)

GC Heap History (10 events):
Event: 3.340 GC heap before
{Heap before GC invocations=10 (full 1):
 PSYoungGen      total 78848K, used 19424K [0x00000000eab00000, 0x00000000f0480000, 0x0000000100000000)
  eden space 69632K, 17% used [0x00000000eab00000,0x00000000eb6e8af0,0x00000000eef00000)
  from space 9216K, 78% used [0x00000000ef800000,0x00000000eff0f6f8,0x00000000f0100000)
  to   space 9216K, 0% used [0x00000000eef00000,0x00000000eef00000,0x00000000ef800000)
 ParOldGen       total 87552K, used 6606K [0x00000000c0000000, 0x00000000c5580000, 0x00000000eab00000)
  object space 87552K, 7% used [0x00000000c0000000,0x00000000c0673960,0x00000000c5580000)
 Metaspace       used 35023K, capacity 35312K, committed 35456K, reserved 1077248K
  class space    used 6850K, capacity 6966K, committed 7040K, reserved 1048576K
Event: 3.344 GC heap after
Heap after GC invocations=10 (full 1):
 PSYoungGen      total 78848K, used 7501K [0x00000000eab00000, 0x00000000f1b80000, 0x0000000100000000)
  eden space 69632K, 0% used [0x00000000eab00000,0x00000000eab00000,0x00000000eef00000)
  from space 9216K, 81% used [0x00000000eef00000,0x00000000ef653470,0x00000000ef800000)
  to   space 9728K, 0% used [0x00000000f1200000,0x00000000f1200000,0x00000000f1b80000)
 ParOldGen       total 87552K, used 6614K [0x00000000c0000000, 0x00000000c5580000, 0x00000000eab00000)
  object space 87552K, 7% used [0x00000000c0000000,0x00000000c0675960,0x00000000c5580000)
 Metaspace       used 35023K, capacity 35312K, committed 35456K, reserved 1077248K
  class space    used 6850K, capacity 6966K, committed 7040K, reserved 1048576K
}
Event: 3.344 GC heap before
{Heap before GC invocations=11 (full 2):
 PSYoungGen      total 78848K, used 7501K [0x00000000eab00000, 0x00000000f1b80000, 0x0000000100000000)
  eden space 69632K, 0% used [0x00000000eab00000,0x00000000eab00000,0x00000000eef00000)
  from space 9216K, 81% used [0x00000000eef00000,0x00000000ef653470,0x00000000ef800000)
  to   space 9728K, 0% used [0x00000000f1200000,0x00000000f1200000,0x00000000f1b80000)
 ParOldGen       total 87552K, used 6614K [0x00000000c0000000, 0x00000000c5580000, 0x00000000eab00000)
  object space 87552K, 7% used [0x00000000c0000000,0x00000000c0675960,0x00000000c5580000)
 Metaspace       used 35023K, capacity 35312K, committed 35456K, reserved 1077248K
  class space    used 6850K, capacity 6966K, committed 7040K, reserved 1048576K
Event: 3.389 GC heap after
Heap after GC invocations=11 (full 2):
 PSYoungGen      total 78848K, used 0K [0x00000000eab00000, 0x00000000f1b80000, 0x0000000100000000)
  eden space 69632K, 0% used [0x00000000eab00000,0x00000000eab00000,0x00000000eef00000)
  from space 9216K, 0% used [0x00000000eef00000,0x00000000eef00000,0x00000000ef800000)
  to   space 9728K, 0% used [0x00000000f1200000,0x00000000f1200000,0x00000000f1b80000)
 ParOldGen       total 91136K, used 10576K [0x00000000c0000000, 0x00000000c5900000, 0x00000000eab00000)
  object space 91136K, 11% used [0x00000000c0000000,0x00000000c0a54398,0x00000000c5900000)
 Metaspace       used 35015K, capacity 35288K, committed 35456K, reserved 1077248K
  class space    used 6848K, capacity 6958K, committed 7040K, reserved 1048576K
}
Event: 3.519 GC heap before
{Heap before GC invocations=12 (full 2):
 PSYoungGen      total 78848K, used 69632K [0x00000000eab00000, 0x00000000f1b80000, 0x0000000100000000)
  eden space 69632K, 100% used [0x00000000eab00000,0x00000000eef00000,0x00000000eef00000)
  from space 9216K, 0% used [0x00000000eef00000,0x00000000eef00000,0x00000000ef800000)
  to   space 9728K, 0% used [0x00000000f1200000,0x00000000f1200000,0x00000000f1b80000)
 ParOldGen       total 91136K, used 10576K [0x00000000c0000000, 0x00000000c5900000, 0x00000000eab00000)
  object space 91136K, 11% used [0x00000000c0000000,0x00000000c0a54398,0x00000000c5900000)
 Metaspace       used 35346K, capacity 35688K, committed 35840K, reserved 1077248K
  class space    used 6919K, capacity 7046K, committed 7168K, reserved 1048576K
Event: 3.525 GC heap after
Heap after GC invocations=12 (full 2):
 PSYoungGen      total 102912K, used 9728K [0x00000000eab00000, 0x00000000f1b80000, 0x0000000100000000)
  eden space 93184K, 0% used [0x00000000eab00000,0x00000000eab00000,0x00000000f0600000)
  from space 9728K, 100% used [0x00000000f1200000,0x00000000f1b80000,0x00000000f1b80000)
  to   space 10752K, 0% used [0x00000000f0680000,0x00000000f0680000,0x00000000f1100000)
 ParOldGen       total 91136K, used 10904K [0x00000000c0000000, 0x00000000c5900000, 0x00000000eab00000)
  object space 91136K, 11% used [0x00000000c0000000,0x00000000c0aa6398,0x00000000c5900000)
 Metaspace       used 35346K, capacity 35688K, committed 35840K, reserved 1077248K
  class space    used 6919K, capacity 7046K, committed 7168K, reserved 1048576K
}
Event: 6.120 GC heap before
{Heap before GC invocations=13 (full 2):
 PSYoungGen      total 102912K, used 102912K [0x00000000eab00000, 0x00000000f1b80000, 0x0000000100000000)
  eden space 93184K, 100% used [0x00000000eab00000,0x00000000f0600000,0x00000000f0600000)
  from space 9728K, 100% used [0x00000000f1200000,0x00000000f1b80000,0x00000000f1b80000)
  to   space 10752K, 0% used [0x00000000f0680000,0x00000000f0680000,0x00000000f1100000)
 ParOldGen       total 91136K, used 10904K [0x00000000c0000000, 0x00000000c5900000, 0x00000000eab00000)
  object space 91136K, 11% used [0x00000000c0000000,0x00000000c0aa6398,0x00000000c5900000)
 Metaspace       used 36784K, capacity 37312K, committed 37376K, reserved 1079296K
  class space    used 7235K, capacity 7374K, committed 7424K, reserved 1048576K
Event: 6.127 GC heap after
Heap after GC invocations=13 (full 2):
 PSYoungGen      total 104448K, used 10752K [0x00000000eab00000, 0x00000000f3b80000, 0x0000000100000000)
  eden space 93696K, 0% used [0x00000000eab00000,0x00000000eab00000,0x00000000f0680000)
  from space 10752K, 100% used [0x00000000f0680000,0x00000000f1100000,0x00000000f1100000)
  to   space 13312K, 0% used [0x00000000f2e80000,0x00000000f2e80000,0x00000000f3b80000)
 ParOldGen       total 91136K, used 14804K [0x00000000c0000000, 0x00000000c5900000, 0x00000000eab00000)
  object space 91136K, 16% used [0x00000000c0000000,0x00000000c0e753a8,0x00000000c5900000)
 Metaspace       used 36784K, capacity 37312K, committed 37376K, reserved 1079296K
  class space    used 7235K, capacity 7374K, committed 7424K, reserved 1048576K
}
Event: 6.809 GC heap before
{Heap before GC invocations=14 (full 2):
 PSYoungGen      total 104448K, used 104448K [0x00000000eab00000, 0x00000000f3b80000, 0x0000000100000000)
  eden space 93696K, 100% used [0x00000000eab00000,0x00000000f0680000,0x00000000f0680000)
  from space 10752K, 100% used [0x00000000f0680000,0x00000000f1100000,0x00000000f1100000)
  to   space 13312K, 0% used [0x00000000f2e80000,0x00000000f2e80000,0x00000000f3b80000)
 ParOldGen       total 91136K, used 14804K [0x00000000c0000000, 0x00000000c5900000, 0x00000000eab00000)
  object space 91136K, 16% used [0x00000000c0000000,0x00000000c0e753a8,0x00000000c5900000)
 Metaspace       used 47938K, capacity 48458K, committed 48640K, reserved 1089536K
  class space    used 9278K, capacity 9439K, committed 9472K, reserved 1048576K
Event: 6.821 GC heap after
Heap after GC invocations=14 (full 2):
 PSYoungGen      total 128000K, used 13307K [0x00000000eab00000, 0x00000000f4880000, 0x0000000100000000)
  eden space 114688K, 0% used [0x00000000eab00000,0x00000000eab00000,0x00000000f1b00000)
  from space 13312K, 99% used [0x00000000f2e80000,0x00000000f3b7eea0,0x00000000f3b80000)
  to   space 19968K, 0% used [0x00000000f1b00000,0x00000000f1b00000,0x00000000f2e80000)
 ParOldGen       total 91136K, used 27952K [0x00000000c0000000, 0x00000000c5900000, 0x00000000eab00000)
  object space 91136K, 30% used [0x00000000c0000000,0x00000000c1b4c328,0x00000000c5900000)
 Metaspace       used 47938K, capacity 48458K, committed 48640K, reserved 1089536K
  class space    used 9278K, capacity 9439K, committed 9472K, reserved 1048576K
}

Deoptimization events (10 events):
Event: 7.406 Thread 0x000000001a58d000 Uncommon trap: reason=class_check action=maybe_recompile pc=0x0000000002b26aac method=scala.collection.mutable.HashTable$class.elemEquals(Lscala/collection/mutable/HashTable;Ljava/lang/Object;Ljava/lang/Object;)Z @ 55
Event: 7.464 Thread 0x000000001a58d000 Uncommon trap: reason=bimorphic action=maybe_recompile pc=0x00000000025f51b8 method=scala.collection.generic.GenericCompanion.apply(Lscala/collection/Seq;)Lscala/collection/GenTraversable; @ 23
Event: 7.484 Thread 0x000000001a58d000 Uncommon trap: reason=bimorphic action=maybe_recompile pc=0x00000000025f51b8 method=scala.collection.generic.GenericCompanion.apply(Lscala/collection/Seq;)Lscala/collection/GenTraversable; @ 23
Event: 7.489 Thread 0x000000001a58d000 Uncommon trap: reason=predicate action=maybe_recompile pc=0x0000000002991560 method=scala.reflect.internal.Names$class.enterChars(Lscala/reflect/internal/Names;[CII)V @ 9
Event: 7.512 Thread 0x000000001a58d000 Uncommon trap: reason=speculate_class_check action=maybe_recompile pc=0x00000000032edf88 method=scala.reflect.internal.Types$Type.findDecl(Lscala/reflect/internal/Names$Name;I)Lscala/reflect/internal/Symbols$Symbol; @ 116
Event: 7.552 Thread 0x000000001a58d000 Uncommon trap: reason=bimorphic action=maybe_recompile pc=0x00000000032ae5ac method=scala.reflect.internal.Scopes$Scope.lookupNextEntry(Lscala/reflect/internal/Scopes$ScopeEntry;)Lscala/reflect/internal/Scopes$ScopeEntry; @ 75
Event: 7.562 Thread 0x000000001a58d000 Uncommon trap: reason=speculate_class_check action=maybe_recompile pc=0x00000000032edf88 method=scala.reflect.internal.Types$Type.findDecl(Lscala/reflect/internal/Names$Name;I)Lscala/reflect/internal/Symbols$Symbol; @ 116
Event: 7.562 Thread 0x000000001a58d000 Uncommon trap: reason=bimorphic action=maybe_recompile pc=0x00000000032ae5ac method=scala.reflect.internal.Scopes$Scope.lookupNextEntry(Lscala/reflect/internal/Scopes$ScopeEntry;)Lscala/reflect/internal/Scopes$ScopeEntry; @ 75
Event: 7.574 Thread 0x000000001a58d000 Uncommon trap: reason=bimorphic action=maybe_recompile pc=0x00000000032ae58c method=scala.reflect.internal.Scopes$Scope.lookupNextEntry(Lscala/reflect/internal/Scopes$ScopeEntry;)Lscala/reflect/internal/Scopes$ScopeEntry; @ 68
Event: 7.575 Thread 0x000000001a58d000 Uncommon trap: reason=bimorphic action=maybe_recompile pc=0x00000000032ae58c method=scala.reflect.internal.Scopes$Scope.lookupNextEntry(Lscala/reflect/internal/Scopes$ScopeEntry;)Lscala/reflect/internal/Scopes$ScopeEntry; @ 68

Internal exceptions (10 events):
Event: 3.572 Thread 0x0000000002393800 Exception <a 'java/security/PrivilegedActionException'> (0x00000000eb4ac608) thrown at [D:\re\workspace\8-2-build-windows-amd64-cygwin\jdk8u40\2855\hotspot\src\share\vm\prims\jvm.cpp, line 1382]
Event: 4.385 Thread 0x0000000002393800 Exception <a 'java/io/FileNotFoundException'> (0x00000000ef6488e8) thrown at [D:\re\workspace\8-2-build-windows-amd64-cygwin\jdk8u40\2855\hotspot\src\share\vm\prims\jni.cpp, line 709]
Event: 5.202 Thread 0x0000000002393800 Exception <a 'java/io/FileNotFoundException'> (0x00000000efd2de48) thrown at [D:\re\workspace\8-2-build-windows-amd64-cygwin\jdk8u40\2855\hotspot\src\share\vm\prims\jni.cpp, line 709]
Event: 5.879 Thread 0x0000000002393800 Exception <a 'java/io/FileNotFoundException'> (0x00000000efe049f8) thrown at [D:\re\workspace\8-2-build-windows-amd64-cygwin\jdk8u40\2855\hotspot\src\share\vm\prims\jni.cpp, line 709]
Event: 6.217 Thread 0x000000001a58d000 Exception <a 'java/lang/NoSuchMethodError': <clinit>> (0x00000000eb77a840) thrown at [D:\re\workspace\8-2-build-windows-amd64-cygwin\jdk8u40\2855\hotspot\src\share\vm\prims\jni.cpp, line 1598]
Event: 6.218 Thread 0x000000001a58d000 Exception <a 'java/lang/NoSuchMethodError': <clinit>> (0x00000000eb791d58) thrown at [D:\re\workspace\8-2-build-windows-amd64-cygwin\jdk8u40\2855\hotspot\src\share\vm\prims\jni.cpp, line 1598]
Event: 6.220 Thread 0x000000001a58d000 Exception <a 'java/lang/NoSuchMethodError': <clinit>> (0x00000000eb7a5e08) thrown at [D:\re\workspace\8-2-build-windows-amd64-cygwin\jdk8u40\2855\hotspot\src\share\vm\prims\jni.cpp, line 1598]
Event: 6.221 Thread 0x000000001a58d000 Exception <a 'java/lang/NoSuchMethodError': <clinit>> (0x00000000eb7bc188) thrown at [D:\re\workspace\8-2-build-windows-amd64-cygwin\jdk8u40\2855\hotspot\src\share\vm\prims\jni.cpp, line 1598]
Event: 6.335 Thread 0x000000001a58d000 Implicit null exception at 0x0000000002f2b562 to 0x0000000002f2ba3d
Event: 6.335 Thread 0x000000001a58d000 Implicit null exception at 0x00000000026a8996 to 0x00000000026a8cbd

Events (10 events):
Event: 7.562 Thread 0x000000001a58d000 DEOPT PACKING pc=0x00000000032ae5ac sp=0x0000000021c3bd20
Event: 7.562 Thread 0x000000001a58d000 DEOPT UNPACKING pc=0x00000000024d582a sp=0x0000000021c3bcc8 mode 2
Event: 7.574 Thread 0x000000001a58d000 Uncommon trap: trap_request=0xffffffc6 fr.pc=0x00000000032ae58c
Event: 7.574 Thread 0x000000001a58d000 DEOPT PACKING pc=0x00000000032ae58c sp=0x0000000021c3abc0
Event: 7.574 Thread 0x000000001a58d000 DEOPT UNPACKING pc=0x00000000024d582a sp=0x0000000021c3ab60 mode 2
Event: 7.575 Thread 0x000000001a58d000 Uncommon trap: trap_request=0xffffffc6 fr.pc=0x00000000032ae58c
Event: 7.575 Thread 0x000000001a58d000 DEOPT PACKING pc=0x00000000032ae58c sp=0x0000000021c3abc0
Event: 7.575 Thread 0x000000001a58d000 DEOPT UNPACKING pc=0x00000000024d582a sp=0x0000000021c3ab60 mode 2
Event: 7.581 Executing VM operation: ForceSafepoint
Event: 7.581 Executing VM operation: ForceSafepoint done


Dynamic libraries:
0x00007ff66df90000 - 0x00007ff66dfc7000 	C:\Program Files\Java\jdk1.8.0_40\jre\bin\java.exe
0x00007ffb3b630000 - 0x00007ffb3b7f1000 	C:\WINDOWS\SYSTEM32\ntdll.dll
0x00007ffb39870000 - 0x00007ffb3991d000 	C:\WINDOWS\system32\KERNEL32.DLL
0x00007ffb37e60000 - 0x00007ffb38048000 	C:\WINDOWS\system32\KERNELBASE.dll
0x00007ffb35fb0000 - 0x00007ffb36029000 	C:\WINDOWS\system32\apphelp.dll
0x00007ffb39320000 - 0x00007ffb393c7000 	C:\WINDOWS\system32\ADVAPI32.dll
0x00007ffb3b300000 - 0x00007ffb3b39d000 	C:\WINDOWS\system32\msvcrt.dll
0x00007ffb38f90000 - 0x00007ffb38feb000 	C:\WINDOWS\system32\sechost.dll
0x00007ffb38a30000 - 0x00007ffb38b4c000 	C:\WINDOWS\system32\RPCRT4.dll
0x00007ffb39560000 - 0x00007ffb396b6000 	C:\WINDOWS\system32\USER32.dll
0x00007ffb393d0000 - 0x00007ffb39556000 	C:\WINDOWS\system32\GDI32.dll
0x00007ffb31a10000 - 0x00007ffb31c84000 	C:\WINDOWS\WinSxS\amd64_microsoft.windows.common-controls_6595b64144ccf1df_6.0.10586.0_none_8c15ae12515e1c22\COMCTL32.dll
0x00007ffb390a0000 - 0x00007ffb3931d000 	C:\WINDOWS\system32\combase.dll
0x00007ffb387f0000 - 0x00007ffb3885a000 	C:\WINDOWS\system32\bcryptPrimitives.dll
0x00007ffb3b2c0000 - 0x00007ffb3b2fb000 	C:\WINDOWS\system32\IMM32.DLL
0x000000006d580000 - 0x000000006d652000 	C:\Program Files\Java\jdk1.8.0_40\jre\bin\msvcr100.dll
0x000000006b460000 - 0x000000006bce3000 	C:\Program Files\Java\jdk1.8.0_40\jre\bin\server\jvm.dll
0x00007ffb3b3a0000 - 0x00007ffb3b3a8000 	C:\WINDOWS\system32\PSAPI.DLL
0x00007ffb24950000 - 0x00007ffb24959000 	C:\WINDOWS\SYSTEM32\WSOCK32.dll
0x00007ffb36400000 - 0x00007ffb36423000 	C:\WINDOWS\SYSTEM32\WINMM.dll
0x00007ffb33430000 - 0x00007ffb3343a000 	C:\WINDOWS\SYSTEM32\VERSION.dll
0x00007ffb39730000 - 0x00007ffb3979b000 	C:\WINDOWS\system32\WS2_32.dll
0x00000000021b0000 - 0x00000000021dc000 	C:\WINDOWS\SYSTEM32\WINMMBASE.dll
0x00007ffb37ce0000 - 0x00007ffb37d23000 	C:\WINDOWS\system32\cfgmgr32.dll
0x000000006d530000 - 0x000000006d53f000 	C:\Program Files\Java\jdk1.8.0_40\jre\bin\verify.dll
0x000000006d500000 - 0x000000006d529000 	C:\Program Files\Java\jdk1.8.0_40\jre\bin\java.dll
0x000000006cd40000 - 0x000000006cd56000 	C:\Program Files\Java\jdk1.8.0_40\jre\bin\zip.dll
0x00007ffb39b50000 - 0x00007ffb3b0ac000 	C:\WINDOWS\system32\SHELL32.dll
0x00007ffb38110000 - 0x00007ffb38755000 	C:\WINDOWS\system32\windows.storage.dll
0x00007ffb39a90000 - 0x00007ffb39ae2000 	C:\WINDOWS\system32\shlwapi.dll
0x00007ffb37c60000 - 0x00007ffb37c6f000 	C:\WINDOWS\system32\kernel.appcore.dll
0x00007ffb38050000 - 0x00007ffb38105000 	C:\WINDOWS\system32\shcore.dll
0x00007ffb37c90000 - 0x00007ffb37cdb000 	C:\WINDOWS\system32\powrprof.dll
0x00007ffb37c70000 - 0x00007ffb37c84000 	C:\WINDOWS\system32\profapi.dll
0x000000006c6a0000 - 0x000000006c6ba000 	C:\Program Files\Java\jdk1.8.0_40\jre\bin\net.dll
0x00007ffb37580000 - 0x00007ffb375dc000 	C:\WINDOWS\system32\mswsock.dll
0x000000006b440000 - 0x000000006b451000 	C:\Program Files\Java\jdk1.8.0_40\jre\bin\nio.dll
0x00007ffb37630000 - 0x00007ffb37647000 	C:\WINDOWS\SYSTEM32\CRYPTSP.dll
0x00007ffb37260000 - 0x00007ffb37294000 	C:\WINDOWS\system32\rsaenh.dll
0x00007ffb37b80000 - 0x00007ffb37ba9000 	C:\WINDOWS\SYSTEM32\bcrypt.dll
0x00007ffb37410000 - 0x00007ffb3742f000 	C:\WINDOWS\SYSTEM32\USERENV.dll
0x00007ffb37750000 - 0x00007ffb3775b000 	C:\WINDOWS\SYSTEM32\CRYPTBASE.dll
0x00007ffb34b80000 - 0x00007ffb34bb8000 	C:\WINDOWS\SYSTEM32\IPHLPAPI.DLL
0x00007ffb39920000 - 0x00007ffb39928000 	C:\WINDOWS\system32\NSI.dll
0x00007ffb33fd0000 - 0x00007ffb33fe6000 	C:\WINDOWS\SYSTEM32\dhcpcsvc6.DLL
0x00007ffb33ef0000 - 0x00007ffb33f0a000 	C:\WINDOWS\SYSTEM32\dhcpcsvc.DLL
0x00007ffb22290000 - 0x00007ffb2229a000 	C:\Users\anthony\AppData\Local\Temp\jansi-64-1-7270291205651876289.11
0x00007ffb231a0000 - 0x00007ffb231b6000 	C:\WINDOWS\system32\napinsp.dll
0x00007ffb23110000 - 0x00007ffb2312a000 	C:\WINDOWS\system32\pnrpnsp.dll
0x00007ffb35cf0000 - 0x00007ffb35d08000 	C:\WINDOWS\system32\NLAapi.dll
0x00007ffb36670000 - 0x00007ffb3671a000 	C:\WINDOWS\SYSTEM32\DNSAPI.dll
0x00007ffb23100000 - 0x00007ffb2310d000 	C:\WINDOWS\System32\winrnr.dll
0x0000000063560000 - 0x0000000063569000 	C:\Program Files\National Instruments\Shared\mDNS Responder\nimdnsNSP.dll
0x0000000063550000 - 0x000000006355e000 	C:\WINDOWS\SYSTEM32\nimdnsResponder.dll
0x000000006d440000 - 0x000000006d4e3000 	C:\WINDOWS\WinSxS\amd64_microsoft.vc90.crt_1fc8b3b9a1e18e3b_9.0.30729.9177_none_08e695a3a83b6ce3\MSVCR90.dll
0x00007ffb230e0000 - 0x00007ffb230f5000 	C:\WINDOWS\System32\wshbth.dll
0x000000006d410000 - 0x000000006d436000 	C:\Program Files\Bonjour\mdnsNSP.dll
0x00007ffb30c30000 - 0x00007ffb30c3a000 	C:\Windows\System32\rasadhlp.dll
0x00007ffb30e80000 - 0x00007ffb30ee7000 	C:\WINDOWS\System32\fwpuclnt.dll
0x00007ffb2a670000 - 0x00007ffb2a7fc000 	C:\WINDOWS\SYSTEM32\dbghelp.dll

VM Arguments:
jvm_args: -Xmx1024m -Xms128m -Xss1m -XX:+UseCodeCacheFlushing -XX:+CMSClassUnloadingEnabled -XX:MaxPermSize=256m -Djline.terminal=unix -Djline.WindowsTerminal.directConsole=false 
java_command: C:\Program Files\NetBeans 8.1\nbscala\modules\ext\org.netbeans.libs.sbt\1\org-scala-sbt\sbt-launch.jar
java_class_path (initial): C:\Program Files\NetBeans 8.1\nbscala\modules\ext\org.netbeans.libs.sbt\1\org-scala-sbt\sbt-launch.jar
Launcher Type: SUN_STANDARD

Environment Variables:
JAVA_HOME=C:\Program Files (x86)\Java\jdk1.7.0_55
USERNAME=anthony
OS=Windows_NT
PROCESSOR_IDENTIFIER=Intel64 Family 6 Model 60 Stepping 3, GenuineIntel



---------------  S Y S T E M  ---------------

OS: Windows 10.0 , 64 bit Build 10586 (10.0.10586.0)

CPU:total 8 (4 cores per cpu, 2 threads per core) family 6 model 60 stepping 3, cmov, cx8, fxsr, mmx, sse, sse2, sse3, ssse3, sse4.1, sse4.2, popcnt, avx, avx2, aes, clmul, erms, lzcnt, ht, tsc, tscinvbit, bmi1, bmi2

Memory: 4k page, physical 16695048k(2431420k free), swap 44713232k(3504k free)

vm_info: Java HotSpot(TM) 64-Bit Server VM (25.40-b25) for windows-amd64 JRE (1.8.0_40-b25), built on Feb 10 2015 21:53:57 by "java_re" with MS VC++ 10.0 (VS2010)

time: Mon May 30 00:34:53 2016
elapsed time: 7 seconds (0d 0h 0m 7s)

