#
# There is insufficient memory for the Java Runtime Environment to continue.
# Native memory allocation (malloc) failed to allocate 971536 bytes for Chunk::new
# Possible reasons:
#   The system is out of physical RAM or swap space
#   In 32 bit mode, the process size limit was hit
# Possible solutions:
#   Reduce memory load on the system
#   Increase physical memory or swap space
#   Check if swap backing store is full
#   Use 64 bit Java on a 64 bit OS
#   Decrease Java heap size (-Xmx/-Xms)
#   Decrease number of Java threads
#   Decrease Java thread stack sizes (-Xss)
#   Set larger code cache with -XX:ReservedCodeCacheSize=
# This output file may be truncated or incomplete.
#
#  Out of Memory Error (allocation.cpp:390), pid=21696, tid=17260
#
# JRE version: Java(TM) SE Runtime Environment (8.0_40-b25) (build 1.8.0_40-b25)
# Java VM: Java HotSpot(TM) 64-Bit Server VM (25.40-b25 mixed mode windows-amd64 compressed oops)
# Failed to write core dump. Minidumps are not enabled by default on client versions of Windows
#

---------------  T H R E A D  ---------------

Current thread (0x000000001701d800):  JavaThread "C2 CompilerThread2" daemon [_thread_in_native, id=17260, stack(0x00000000177f0000,0x00000000178f0000)]

Stack: [0x00000000177f0000,0x00000000178f0000]
Native frames: (J=compiled Java code, j=interpreted, Vv=VM code, C=native code)
V  [jvm.dll+0x32b47a]
V  [jvm.dll+0x2797f3]
V  [jvm.dll+0x27a489]
V  [jvm.dll+0x2717a5]
V  [jvm.dll+0xcb9a2]
V  [jvm.dll+0xcbe6c]
V  [jvm.dll+0x476ea2]
V  [jvm.dll+0x4b950f]
V  [jvm.dll+0x46bf81]
V  [jvm.dll+0x46ccbe]
V  [jvm.dll+0x4500d2]
V  [jvm.dll+0xa4312]
V  [jvm.dll+0xa4c4f]
V  [jvm.dll+0x241914]
V  [jvm.dll+0x29848a]
C  [msvcr100.dll+0x21d9f]
C  [msvcr100.dll+0x21e3b]
C  [KERNEL32.DLL+0x18102]
C  [ntdll.dll+0x5c5b4]


Current CompileTask:
C2:   3995 4421       4       sbt.IO$::directoryURI (92 bytes)


---------------  P R O C E S S  ---------------

Java Threads: ( => current thread )
  0x00000000170b9800 JavaThread "Service Thread" daemon [_thread_blocked, id=37528, stack(0x00000000179f0000,0x0000000017af0000)]
  0x0000000017026000 JavaThread "C1 CompilerThread3" daemon [_thread_blocked, id=24204, stack(0x00000000178f0000,0x00000000179f0000)]
=>0x000000001701d800 JavaThread "C2 CompilerThread2" daemon [_thread_in_native, id=17260, stack(0x00000000177f0000,0x00000000178f0000)]
  0x000000001701c800 JavaThread "C2 CompilerThread1" daemon [_thread_in_native, id=33100, stack(0x00000000176f0000,0x00000000177f0000)]
  0x000000001702e000 JavaThread "C2 CompilerThread0" daemon [_thread_in_vm, id=31176, stack(0x00000000175f0000,0x00000000176f0000)]
  0x000000001702b800 JavaThread "Attach Listener" daemon [_thread_blocked, id=34028, stack(0x00000000174f0000,0x00000000175f0000)]
  0x0000000017029800 JavaThread "Signal Dispatcher" daemon [_thread_blocked, id=36216, stack(0x00000000173f0000,0x00000000174f0000)]
  0x000000000250d800 JavaThread "Finalizer" daemon [_thread_blocked, id=29116, stack(0x0000000016ef0000,0x0000000016ff0000)]
  0x000000001502d800 JavaThread "Reference Handler" daemon [_thread_blocked, id=23004, stack(0x0000000016df0000,0x0000000016ef0000)]
  0x0000000002413800 JavaThread "main" [_thread_in_Java, id=30400, stack(0x0000000002310000,0x0000000002410000)]

Other Threads:
  0x0000000015029800 VMThread [stack: 0x0000000016cf0000,0x0000000016df0000] [id=34016]
  0x00000000170bc000 WatcherThread [stack: 0x0000000017af0000,0x0000000017bf0000] [id=3196]

VM state:not at safepoint (normal execution)

VM Mutex/Monitor currently owned by a thread: None

Heap:
 PSYoungGen      total 108544K, used 66747K [0x00000000eab00000, 0x00000000f2400000, 0x0000000100000000)
  eden space 98816K, 57% used [0x00000000eab00000,0x00000000ee2aef10,0x00000000f0b80000)
  from space 9728K, 100% used [0x00000000f1a80000,0x00000000f2400000,0x00000000f2400000)
  to   space 10752K, 0% used [0x00000000f0f00000,0x00000000f0f00000,0x00000000f1980000)
 ParOldGen       total 87552K, used 11705K [0x00000000c0000000, 0x00000000c5580000, 0x00000000eab00000)
  object space 87552K, 13% used [0x00000000c0000000,0x00000000c0b6e7b0,0x00000000c5580000)
 Metaspace       used 35905K, capacity 36352K, committed 36480K, reserved 1079296K
  class space    used 7024K, capacity 7182K, committed 7296K, reserved 1048576K

Card table byte_map: [0x00000000118d0000,0x0000000011ae0000] byte_map_base: 0x00000000112d0000

Marking Bits: (ParMarkBitMap*) 0x000000006bc64040
 Begin Bits: [0x0000000012440000, 0x0000000013440000)
 End Bits:   [0x0000000013440000, 0x0000000014440000)

Polling page: 0x0000000000990000

CodeCache: size=245760Kb used=11947Kb max_used=11947Kb free=233812Kb
 bounds [0x0000000002510000, 0x00000000030d0000, 0x0000000011510000]
 total_blobs=4929 nmethods=4496 adapters=344
 compilation: enabled

Compilation events (10 events):
Event: 3.953 Thread 0x0000000017026000 nmethod 4462 0x0000000003098bd0 code [0x0000000003098da0, 0x0000000003099528]
Event: 3.957 Thread 0x0000000017026000 4463       3       sbt.Init$Optional::dependencies (15 bytes)
Event: 3.958 Thread 0x0000000017026000 nmethod 4463 0x00000000030a1450 code [0x00000000030a1660, 0x00000000030a22a8]
Event: 3.959 Thread 0x0000000017026000 4465       3       scala.collection.immutable.Set$Set3::foreach (34 bytes)
Event: 3.959 Thread 0x0000000017026000 nmethod 4465 0x00000000030a27d0 code [0x00000000030a2960, 0x00000000030a2d08]
Event: 3.960 Thread 0x0000000017026000 4467       3       scala.collection.mutable.HashTable$::newThreshold (13 bytes)
Event: 3.960 Thread 0x0000000017026000 nmethod 4467 0x0000000003098750 code [0x00000000030988c0, 0x0000000003098b10]
Event: 3.964 Thread 0x0000000017026000 4468       3       java.security.AccessControlContext::combine (205 bytes)
Event: 3.964 Thread 0x0000000017026000 nmethod 4468 0x00000000030a2e10 code [0x00000000030a3000, 0x00000000030a3af8]
Event: 3.964 Thread 0x0000000017026000 4470       3       java.util.regex.Pattern::sequence (553 bytes)

GC Heap History (10 events):
Event: 3.223 GC heap before
{Heap before GC invocations=8 (full 1):
 PSYoungGen      total 56832K, used 52741K [0x00000000eab00000, 0x00000000eec80000, 0x0000000100000000)
  eden space 48640K, 100% used [0x00000000eab00000,0x00000000eda80000,0x00000000eda80000)
  from space 8192K, 50% used [0x00000000ee280000,0x00000000ee681568,0x00000000eea80000)
  to   space 8192K, 0% used [0x00000000eda80000,0x00000000eda80000,0x00000000ee280000)
 ParOldGen       total 87552K, used 6534K [0x00000000c0000000, 0x00000000c5580000, 0x00000000eab00000)
  object space 87552K, 7% used [0x00000000c0000000,0x00000000c0661910,0x00000000c5580000)
 Metaspace       used 33712K, capacity 33984K, committed 34176K, reserved 1077248K
  class space    used 6591K, capacity 6670K, committed 6784K, reserved 1048576K
Event: 3.229 GC heap after
Heap after GC invocations=8 (full 1):
 PSYoungGen      total 56832K, used 8178K [0x00000000eab00000, 0x00000000f0480000, 0x0000000100000000)
  eden space 48640K, 0% used [0x00000000eab00000,0x00000000eab00000,0x00000000eda80000)
  from space 8192K, 99% used [0x00000000eda80000,0x00000000ee27c888,0x00000000ee280000)
  to   space 9216K, 0% used [0x00000000efb80000,0x00000000efb80000,0x00000000f0480000)
 ParOldGen       total 87552K, used 6542K [0x00000000c0000000, 0x00000000c5580000, 0x00000000eab00000)
  object space 87552K, 7% used [0x00000000c0000000,0x00000000c0663910,0x00000000c5580000)
 Metaspace       used 33712K, capacity 33984K, committed 34176K, reserved 1077248K
  class space    used 6591K, capacity 6670K, committed 6784K, reserved 1048576K
}
Event: 3.423 GC heap before
{Heap before GC invocations=9 (full 1):
 PSYoungGen      total 56832K, used 56818K [0x00000000eab00000, 0x00000000f0480000, 0x0000000100000000)
  eden space 48640K, 100% used [0x00000000eab00000,0x00000000eda80000,0x00000000eda80000)
  from space 8192K, 99% used [0x00000000eda80000,0x00000000ee27c888,0x00000000ee280000)
  to   space 9216K, 0% used [0x00000000efb80000,0x00000000efb80000,0x00000000f0480000)
 ParOldGen       total 87552K, used 6542K [0x00000000c0000000, 0x00000000c5580000, 0x00000000eab00000)
  object space 87552K, 7% used [0x00000000c0000000,0x00000000c0663910,0x00000000c5580000)
 Metaspace       used 34419K, capacity 34736K, committed 35072K, reserved 1077248K
  class space    used 6725K, capacity 6838K, committed 6912K, reserved 1048576K
Event: 3.428 GC heap after
Heap after GC invocations=9 (full 1):
 PSYoungGen      total 82432K, used 7225K [0x00000000eab00000, 0x00000000f0700000, 0x0000000100000000)
  eden space 73216K, 0% used [0x00000000eab00000,0x00000000eab00000,0x00000000ef280000)
  from space 9216K, 78% used [0x00000000efb80000,0x00000000f028e6d8,0x00000000f0480000)
  to   space 9216K, 0% used [0x00000000ef280000,0x00000000ef280000,0x00000000efb80000)
 ParOldGen       total 87552K, used 6542K [0x00000000c0000000, 0x00000000c5580000, 0x00000000eab00000)
  object space 87552K, 7% used [0x00000000c0000000,0x00000000c0663910,0x00000000c5580000)
 Metaspace       used 34419K, capacity 34736K, committed 35072K, reserved 1077248K
  class space    used 6725K, capacity 6838K, committed 6912K, reserved 1048576K
}
Event: 3.513 GC heap before
{Heap before GC invocations=10 (full 1):
 PSYoungGen      total 82432K, used 18727K [0x00000000eab00000, 0x00000000f0700000, 0x0000000100000000)
  eden space 73216K, 15% used [0x00000000eab00000,0x00000000eb63b890,0x00000000ef280000)
  from space 9216K, 78% used [0x00000000efb80000,0x00000000f028e6d8,0x00000000f0480000)
  to   space 9216K, 0% used [0x00000000ef280000,0x00000000ef280000,0x00000000efb80000)
 ParOldGen       total 87552K, used 6542K [0x00000000c0000000, 0x00000000c5580000, 0x00000000eab00000)
  object space 87552K, 7% used [0x00000000c0000000,0x00000000c0663910,0x00000000c5580000)
 Metaspace       used 34973K, capacity 35280K, committed 35456K, reserved 1077248K
  class space    used 6840K, capacity 6934K, committed 7040K, reserved 1048576K
Event: 3.520 GC heap after
Heap after GC invocations=10 (full 1):
 PSYoungGen      total 82432K, used 7437K [0x00000000eab00000, 0x00000000f2400000, 0x0000000100000000)
  eden space 73216K, 0% used [0x00000000eab00000,0x00000000eab00000,0x00000000ef280000)
  from space 9216K, 80% used [0x00000000ef280000,0x00000000ef9c3450,0x00000000efb80000)
  to   space 9728K, 0% used [0x00000000f1a80000,0x00000000f1a80000,0x00000000f2400000)
 ParOldGen       total 87552K, used 6550K [0x00000000c0000000, 0x00000000c5580000, 0x00000000eab00000)
  object space 87552K, 7% used [0x00000000c0000000,0x00000000c0665910,0x00000000c5580000)
 Metaspace       used 34973K, capacity 35280K, committed 35456K, reserved 1077248K
  class space    used 6840K, capacity 6934K, committed 7040K, reserved 1048576K
}
Event: 3.520 GC heap before
{Heap before GC invocations=11 (full 2):
 PSYoungGen      total 82432K, used 7437K [0x00000000eab00000, 0x00000000f2400000, 0x0000000100000000)
  eden space 73216K, 0% used [0x00000000eab00000,0x00000000eab00000,0x00000000ef280000)
  from space 9216K, 80% used [0x00000000ef280000,0x00000000ef9c3450,0x00000000efb80000)
  to   space 9728K, 0% used [0x00000000f1a80000,0x00000000f1a80000,0x00000000f2400000)
 ParOldGen       total 87552K, used 6550K [0x00000000c0000000, 0x00000000c5580000, 0x00000000eab00000)
  object space 87552K, 7% used [0x00000000c0000000,0x00000000c0665910,0x00000000c5580000)
 Metaspace       used 34973K, capacity 35280K, committed 35456K, reserved 1077248K
  class space    used 6840K, capacity 6934K, committed 7040K, reserved 1048576K
Event: 3.569 GC heap after
Heap after GC invocations=11 (full 2):
 PSYoungGen      total 82432K, used 0K [0x00000000eab00000, 0x00000000f2400000, 0x0000000100000000)
  eden space 73216K, 0% used [0x00000000eab00000,0x00000000eab00000,0x00000000ef280000)
  from space 9216K, 0% used [0x00000000ef280000,0x00000000ef280000,0x00000000efb80000)
  to   space 9728K, 0% used [0x00000000f1a80000,0x00000000f1a80000,0x00000000f2400000)
 ParOldGen       total 87552K, used 10569K [0x00000000c0000000, 0x00000000c5580000, 0x00000000eab00000)
  object space 87552K, 12% used [0x00000000c0000000,0x00000000c0a527b0,0x00000000c5580000)
 Metaspace       used 34964K, capacity 35256K, committed 35456K, reserved 1077248K
  class space    used 6838K, capacity 6926K, committed 7040K, reserved 1048576K
}
Event: 3.736 GC heap before
{Heap before GC invocations=12 (full 2):
 PSYoungGen      total 82432K, used 73216K [0x00000000eab00000, 0x00000000f2400000, 0x0000000100000000)
  eden space 73216K, 100% used [0x00000000eab00000,0x00000000ef280000,0x00000000ef280000)
  from space 9216K, 0% used [0x00000000ef280000,0x00000000ef280000,0x00000000efb80000)
  to   space 9728K, 0% used [0x00000000f1a80000,0x00000000f1a80000,0x00000000f2400000)
 ParOldGen       total 87552K, used 10569K [0x00000000c0000000, 0x00000000c5580000, 0x00000000eab00000)
  object space 87552K, 12% used [0x00000000c0000000,0x00000000c0a527b0,0x00000000c5580000)
 Metaspace       used 35359K, capacity 35720K, committed 35968K, reserved 1079296K
  class space    used 6916K, capacity 7014K, committed 7040K, reserved 1048576K
Event: 3.741 GC heap after
Heap after GC invocations=12 (full 2):
 PSYoungGen      total 108544K, used 9728K [0x00000000eab00000, 0x00000000f2400000, 0x0000000100000000)
  eden space 98816K, 0% used [0x00000000eab00000,0x00000000eab00000,0x00000000f0b80000)
  from space 9728K, 100% used [0x00000000f1a80000,0x00000000f2400000,0x00000000f2400000)
  to   space 10752K, 0% used [0x00000000f0f00000,0x00000000f0f00000,0x00000000f1980000)
 ParOldGen       total 87552K, used 11705K [0x00000000c0000000, 0x00000000c5580000, 0x00000000eab00000)
  object space 87552K, 13% used [0x00000000c0000000,0x00000000c0b6e7b0,0x00000000c5580000)
 Metaspace       used 35359K, capacity 35720K, committed 35968K, reserved 1079296K
  class space    used 6916K, capacity 7014K, committed 7040K, reserved 1048576K
}

Deoptimization events (10 events):
Event: 3.922 Thread 0x0000000002413800 Uncommon trap: reason=unstable_if action=reinterpret pc=0x0000000002af28fc method=java.net.URI.needsNormalization(Ljava/lang/String;)I @ 81
Event: 3.923 Thread 0x0000000002413800 Uncommon trap: reason=bimorphic action=maybe_recompile pc=0x0000000002d35398 method=scala.collection.immutable.HashSet$HashSet1.updated0(Ljava/lang/Object;II)Lscala/collection/immutable/HashSet; @ 73
Event: 3.923 Thread 0x0000000002413800 Uncommon trap: reason=bimorphic action=maybe_recompile pc=0x0000000002d35398 method=scala.collection.immutable.HashSet$HashSet1.updated0(Ljava/lang/Object;II)Lscala/collection/immutable/HashSet; @ 73
Event: 3.924 Thread 0x0000000002413800 Uncommon trap: reason=speculate_class_check action=maybe_recompile pc=0x0000000002fe4ee0 method=scala.collection.LinearSeqOptimized$class.exists(Lscala/collection/LinearSeqOptimized;Lscala/Function1;)Z @ 3
Event: 3.924 Thread 0x0000000002413800 Uncommon trap: reason=speculate_class_check action=maybe_recompile pc=0x0000000002fe4ee0 method=scala.collection.LinearSeqOptimized$class.exists(Lscala/collection/LinearSeqOptimized;Lscala/Function1;)Z @ 3
Event: 3.924 Thread 0x0000000002413800 Uncommon trap: reason=speculate_class_check action=maybe_recompile pc=0x0000000002fe4ee0 method=scala.collection.LinearSeqOptimized$class.exists(Lscala/collection/LinearSeqOptimized;Lscala/Function1;)Z @ 3
Event: 3.928 Thread 0x0000000002413800 Uncommon trap: reason=class_check action=maybe_recompile pc=0x0000000002f5b73c method=scala.collection.LinearSeqOptimized$class.exists(Lscala/collection/LinearSeqOptimized;Lscala/Function1;)Z @ 3
Event: 3.937 Thread 0x0000000002413800 Uncommon trap: reason=speculate_class_check action=maybe_recompile pc=0x0000000002fe4ee0 method=scala.collection.LinearSeqOptimized$class.exists(Lscala/collection/LinearSeqOptimized;Lscala/Function1;)Z @ 3
Event: 3.937 Thread 0x0000000002413800 Uncommon trap: reason=speculate_class_check action=maybe_recompile pc=0x0000000002f5b750 method=scala.collection.LinearSeqOptimized$class.exists(Lscala/collection/LinearSeqOptimized;Lscala/Function1;)Z @ 3
Event: 3.937 Thread 0x0000000002413800 Uncommon trap: reason=speculate_class_check action=maybe_recompile pc=0x0000000002f5b750 method=scala.collection.LinearSeqOptimized$class.exists(Lscala/collection/LinearSeqOptimized;Lscala/Function1;)Z @ 3

Internal exceptions (10 events):
Event: 3.593 Thread 0x000000001a38f800 Exception <a 'java/lang/NoSuchMethodError': <clinit>> (0x00000000eac07538) thrown at [D:\re\workspace\8-2-build-windows-amd64-cygwin\jdk8u40\2855\hotspot\src\share\vm\prims\jni.cpp, line 1598]
Event: 3.596 Thread 0x000000001a38f800 Exception <a 'java/lang/NoSuchMethodError': <clinit>> (0x00000000eac213c8) thrown at [D:\re\workspace\8-2-build-windows-amd64-cygwin\jdk8u40\2855\hotspot\src\share\vm\prims\jni.cpp, line 1598]
Event: 3.597 Thread 0x000000001a38f800 Exception <a 'java/lang/NoSuchMethodError': <clinit>> (0x00000000eac32020) thrown at [D:\re\workspace\8-2-build-windows-amd64-cygwin\jdk8u40\2855\hotspot\src\share\vm\prims\jni.cpp, line 1598]
Event: 3.598 Thread 0x000000001a38f800 Exception <a 'java/lang/NoSuchMethodError': <clinit>> (0x00000000eac41f20) thrown at [D:\re\workspace\8-2-build-windows-amd64-cygwin\jdk8u40\2855\hotspot\src\share\vm\prims\jni.cpp, line 1598]
Event: 3.599 Thread 0x000000001a38f800 Exception <a 'java/lang/NoSuchMethodError': <clinit>> (0x00000000eac4bc58) thrown at [D:\re\workspace\8-2-build-windows-amd64-cygwin\jdk8u40\2855\hotspot\src\share\vm\prims\jni.cpp, line 1598]
Event: 3.600 Thread 0x000000001a38f800 Exception <a 'java/lang/NoSuchMethodError': <clinit>> (0x00000000eac5c1c8) thrown at [D:\re\workspace\8-2-build-windows-amd64-cygwin\jdk8u40\2855\hotspot\src\share\vm\prims\jni.cpp, line 1598]
Event: 3.601 Thread 0x000000001a38f800 Exception <a 'java/lang/NoSuchMethodError': <clinit>> (0x00000000eac66ea8) thrown at [D:\re\workspace\8-2-build-windows-amd64-cygwin\jdk8u40\2855\hotspot\src\share\vm\prims\jni.cpp, line 1598]
Event: 3.602 Thread 0x000000001a38f800 Exception <a 'java/lang/NoSuchMethodError': <clinit>> (0x00000000eac71a00) thrown at [D:\re\workspace\8-2-build-windows-amd64-cygwin\jdk8u40\2855\hotspot\src\share\vm\prims\jni.cpp, line 1598]
Event: 3.795 Thread 0x0000000002413800 Exception <a 'java/security/PrivilegedActionException'> (0x00000000eb0b67d8) thrown at [D:\re\workspace\8-2-build-windows-amd64-cygwin\jdk8u40\2855\hotspot\src\share\vm\prims\jvm.cpp, line 1382]
Event: 3.795 Thread 0x0000000002413800 Exception <a 'java/security/PrivilegedActionException'> (0x00000000eb0b6e40) thrown at [D:\re\workspace\8-2-build-windows-amd64-cygwin\jdk8u40\2855\hotspot\src\share\vm\prims\jvm.cpp, line 1382]

Events (10 events):
Event: 3.964 Thread 0x000000001f0ba000 Thread added: 0x000000001f0ba000
Event: 3.964 Thread 0x000000001f7b6000 Thread added: 0x000000001f7b6000
Event: 3.964 Thread 0x000000001b835800 Thread added: 0x000000001b835800
Event: 3.964 Thread 0x000000001b836000 Thread added: 0x000000001b836000
Event: 3.964 Thread 0x000000001ad04000 Thread added: 0x000000001ad04000
Event: 3.964 Thread 0x000000001ad05000 Thread added: 0x000000001ad05000
Event: 3.964 loading class Dependencies$
Event: 3.965 loading class Dependencies$ done
Event: 3.966 loading class sbt/impl/RepositoryName
Event: 3.966 loading class sbt/impl/RepositoryName done


Dynamic libraries:
0x00007ff66df90000 - 0x00007ff66dfc7000 	C:\Program Files\Java\jdk1.8.0_40\jre\bin\java.exe
0x00007ffb3b630000 - 0x00007ffb3b7f1000 	C:\WINDOWS\SYSTEM32\ntdll.dll
0x00007ffb39870000 - 0x00007ffb3991d000 	C:\WINDOWS\system32\KERNEL32.DLL
0x00007ffb37e60000 - 0x00007ffb38048000 	C:\WINDOWS\system32\KERNELBASE.dll
0x00007ffb35fb0000 - 0x00007ffb36029000 	C:\WINDOWS\system32\apphelp.dll
0x00007ffb39320000 - 0x00007ffb393c7000 	C:\WINDOWS\system32\ADVAPI32.dll
0x00007ffb3b300000 - 0x00007ffb3b39d000 	C:\WINDOWS\system32\msvcrt.dll
0x00007ffb38f90000 - 0x00007ffb38feb000 	C:\WINDOWS\system32\sechost.dll
0x00007ffb38a30000 - 0x00007ffb38b4c000 	C:\WINDOWS\system32\RPCRT4.dll
0x00007ffb39560000 - 0x00007ffb396b6000 	C:\WINDOWS\system32\USER32.dll
0x00007ffb393d0000 - 0x00007ffb39556000 	C:\WINDOWS\system32\GDI32.dll
0x00007ffb31a10000 - 0x00007ffb31c84000 	C:\WINDOWS\WinSxS\amd64_microsoft.windows.common-controls_6595b64144ccf1df_6.0.10586.0_none_8c15ae12515e1c22\COMCTL32.dll
0x00007ffb390a0000 - 0x00007ffb3931d000 	C:\WINDOWS\system32\combase.dll
0x00007ffb387f0000 - 0x00007ffb3885a000 	C:\WINDOWS\system32\bcryptPrimitives.dll
0x00007ffb3b2c0000 - 0x00007ffb3b2fb000 	C:\WINDOWS\system32\IMM32.DLL
0x000000006d580000 - 0x000000006d652000 	C:\Program Files\Java\jdk1.8.0_40\jre\bin\msvcr100.dll
0x000000006b460000 - 0x000000006bce3000 	C:\Program Files\Java\jdk1.8.0_40\jre\bin\server\jvm.dll
0x00007ffb3b3a0000 - 0x00007ffb3b3a8000 	C:\WINDOWS\system32\PSAPI.DLL
0x00007ffb36400000 - 0x00007ffb36423000 	C:\WINDOWS\SYSTEM32\WINMM.dll
0x00007ffb33430000 - 0x00007ffb3343a000 	C:\WINDOWS\SYSTEM32\VERSION.dll
0x00007ffb24950000 - 0x00007ffb24959000 	C:\WINDOWS\SYSTEM32\WSOCK32.dll
0x00007ffb39730000 - 0x00007ffb3979b000 	C:\WINDOWS\system32\WS2_32.dll
0x00007ffb363a0000 - 0x00007ffb363cc000 	C:\WINDOWS\SYSTEM32\WINMMBASE.dll
0x00007ffb37ce0000 - 0x00007ffb37d23000 	C:\WINDOWS\system32\cfgmgr32.dll
0x000000006d530000 - 0x000000006d53f000 	C:\Program Files\Java\jdk1.8.0_40\jre\bin\verify.dll
0x000000006d500000 - 0x000000006d529000 	C:\Program Files\Java\jdk1.8.0_40\jre\bin\java.dll
0x000000006cd40000 - 0x000000006cd56000 	C:\Program Files\Java\jdk1.8.0_40\jre\bin\zip.dll
0x00007ffb39b50000 - 0x00007ffb3b0ac000 	C:\WINDOWS\system32\SHELL32.dll
0x00007ffb38110000 - 0x00007ffb38755000 	C:\WINDOWS\system32\windows.storage.dll
0x00007ffb39a90000 - 0x00007ffb39ae2000 	C:\WINDOWS\system32\shlwapi.dll
0x00007ffb37c60000 - 0x00007ffb37c6f000 	C:\WINDOWS\system32\kernel.appcore.dll
0x00007ffb38050000 - 0x00007ffb38105000 	C:\WINDOWS\system32\shcore.dll
0x00007ffb37c90000 - 0x00007ffb37cdb000 	C:\WINDOWS\system32\powrprof.dll
0x00007ffb37c70000 - 0x00007ffb37c84000 	C:\WINDOWS\system32\profapi.dll
0x000000006c6a0000 - 0x000000006c6ba000 	C:\Program Files\Java\jdk1.8.0_40\jre\bin\net.dll
0x00007ffb37580000 - 0x00007ffb375dc000 	C:\WINDOWS\system32\mswsock.dll
0x000000006b440000 - 0x000000006b451000 	C:\Program Files\Java\jdk1.8.0_40\jre\bin\nio.dll
0x00007ffb37630000 - 0x00007ffb37647000 	C:\WINDOWS\SYSTEM32\CRYPTSP.dll
0x00007ffb37260000 - 0x00007ffb37294000 	C:\WINDOWS\system32\rsaenh.dll
0x00007ffb37b80000 - 0x00007ffb37ba9000 	C:\WINDOWS\SYSTEM32\bcrypt.dll
0x00007ffb37410000 - 0x00007ffb3742f000 	C:\WINDOWS\SYSTEM32\USERENV.dll
0x00007ffb37750000 - 0x00007ffb3775b000 	C:\WINDOWS\SYSTEM32\CRYPTBASE.dll
0x00007ffb34b80000 - 0x00007ffb34bb8000 	C:\WINDOWS\SYSTEM32\IPHLPAPI.DLL
0x00007ffb39920000 - 0x00007ffb39928000 	C:\WINDOWS\system32\NSI.dll
0x00007ffb33fd0000 - 0x00007ffb33fe6000 	C:\WINDOWS\SYSTEM32\dhcpcsvc6.DLL
0x00007ffb33ef0000 - 0x00007ffb33f0a000 	C:\WINDOWS\SYSTEM32\dhcpcsvc.DLL
0x00007ffb22250000 - 0x00007ffb2225a000 	C:\Users\anthony\AppData\Local\Temp\jansi-64-1-8304523727349091981.11
0x00007ffb231a0000 - 0x00007ffb231b6000 	C:\WINDOWS\system32\napinsp.dll
0x00007ffb23110000 - 0x00007ffb2312a000 	C:\WINDOWS\system32\pnrpnsp.dll
0x00007ffb35cf0000 - 0x00007ffb35d08000 	C:\WINDOWS\system32\NLAapi.dll
0x00007ffb36670000 - 0x00007ffb3671a000 	C:\WINDOWS\SYSTEM32\DNSAPI.dll
0x00007ffb23100000 - 0x00007ffb2310d000 	C:\WINDOWS\System32\winrnr.dll
0x0000000063560000 - 0x0000000063569000 	C:\Program Files\National Instruments\Shared\mDNS Responder\nimdnsNSP.dll
0x0000000063550000 - 0x000000006355e000 	C:\WINDOWS\SYSTEM32\nimdnsResponder.dll
0x000000006d440000 - 0x000000006d4e3000 	C:\WINDOWS\WinSxS\amd64_microsoft.vc90.crt_1fc8b3b9a1e18e3b_9.0.30729.9177_none_08e695a3a83b6ce3\MSVCR90.dll
0x00007ffb230e0000 - 0x00007ffb230f5000 	C:\WINDOWS\System32\wshbth.dll
0x000000006d410000 - 0x000000006d436000 	C:\Program Files\Bonjour\mdnsNSP.dll
0x00007ffb30c30000 - 0x00007ffb30c3a000 	C:\Windows\System32\rasadhlp.dll
0x00007ffb30e80000 - 0x00007ffb30ee7000 	C:\WINDOWS\System32\fwpuclnt.dll
0x00007ffb2a670000 - 0x00007ffb2a7fc000 	C:\WINDOWS\SYSTEM32\dbghelp.dll

VM Arguments:
jvm_args: -Xmx1024m -Xms128m -Xss1m -XX:+UseCodeCacheFlushing -XX:+CMSClassUnloadingEnabled -XX:MaxPermSize=256m -Djline.terminal=unix -Djline.WindowsTerminal.directConsole=false 
java_command: C:\Program Files\NetBeans 8.1\nbscala\modules\ext\org.netbeans.libs.sbt\1\org-scala-sbt\sbt-launch.jar
java_class_path (initial): C:\Program Files\NetBeans 8.1\nbscala\modules\ext\org.netbeans.libs.sbt\1\org-scala-sbt\sbt-launch.jar
Launcher Type: SUN_STANDARD

Environment Variables:
JAVA_HOME=C:\Program Files (x86)\Java\jdk1.7.0_55
USERNAME=anthony
OS=Windows_NT
PROCESSOR_IDENTIFIER=Intel64 Family 6 Model 60 Stepping 3, GenuineIntel



---------------  S Y S T E M  ---------------

OS: Windows 10.0 , 64 bit Build 10586 (10.0.10586.0)

CPU:total 8 (4 cores per cpu, 2 threads per core) family 6 model 60 stepping 3, cmov, cx8, fxsr, mmx, sse, sse2, sse3, ssse3, sse4.1, sse4.2, popcnt, avx, avx2, aes, clmul, erms, lzcnt, ht, tsc, tscinvbit, bmi1, bmi2

Memory: 4k page, physical 16695048k(1834548k free), swap 45015488k(5096k free)

vm_info: Java HotSpot(TM) 64-Bit Server VM (25.40-b25) for windows-amd64 JRE (1.8.0_40-b25), built on Feb 10 2015 21:53:57 by "java_re" with MS VC++ 10.0 (VS2010)

time: Sun May 29 17:05:37 2016
elapsed time: 3 seconds (0d 0h 0m 3s)

