#
# There is insufficient memory for the Java Runtime Environment to continue.
# Native memory allocation (malloc) failed to allocate 2111296 bytes for Chunk::new
# Possible reasons:
#   The system is out of physical RAM or swap space
#   In 32 bit mode, the process size limit was hit
# Possible solutions:
#   Reduce memory load on the system
#   Increase physical memory or swap space
#   Check if swap backing store is full
#   Use 64 bit Java on a 64 bit OS
#   Decrease Java heap size (-Xmx/-Xms)
#   Decrease number of Java threads
#   Decrease Java thread stack sizes (-Xss)
#   Set larger code cache with -XX:ReservedCodeCacheSize=
# This output file may be truncated or incomplete.
#
#  Out of Memory Error (allocation.cpp:390), pid=34420, tid=7840
#
# JRE version: Java(TM) SE Runtime Environment (8.0_40-b25) (build 1.8.0_40-b25)
# Java VM: Java HotSpot(TM) 64-Bit Server VM (25.40-b25 mixed mode windows-amd64 compressed oops)
# Failed to write core dump. Minidumps are not enabled by default on client versions of Windows
#

---------------  T H R E A D  ---------------

Current thread (0x0000000016f9f800):  JavaThread "C2 CompilerThread0" daemon [_thread_in_native, id=7840, stack(0x0000000017570000,0x0000000017670000)]

Stack: [0x0000000017570000,0x0000000017670000]
Native frames: (J=compiled Java code, j=interpreted, Vv=VM code, C=native code)
V  [jvm.dll+0x32b47a]
V  [jvm.dll+0x2797f3]
V  [jvm.dll+0x27a489]
V  [jvm.dll+0x2717a5]
V  [jvm.dll+0xcb9a2]
V  [jvm.dll+0xcbe6c]
V  [jvm.dll+0x476ea2]
V  [jvm.dll+0x4b950f]
V  [jvm.dll+0x46bf81]
V  [jvm.dll+0x46ccbe]
V  [jvm.dll+0x4500d2]
V  [jvm.dll+0xa4312]
V  [jvm.dll+0xa4c4f]
V  [jvm.dll+0x241914]
V  [jvm.dll+0x29848a]
C  [msvcr100.dll+0x21d9f]
C  [msvcr100.dll+0x21e3b]
C  [KERNEL32.DLL+0x18102]
C  [ntdll.dll+0x5c5b4]


Current CompileTask:
C2:   2108 2020       4       java.net.URLClassLoader$1::run (5 bytes)


---------------  P R O C E S S  ---------------

Java Threads: ( => current thread )
  0x0000000017033800 JavaThread "Service Thread" daemon [_thread_blocked, id=16408, stack(0x0000000017970000,0x0000000017a70000)]
  0x0000000014fa9000 JavaThread "C1 CompilerThread3" daemon [_thread_in_native, id=35768, stack(0x0000000017870000,0x0000000017970000)]
  0x0000000016fa5800 JavaThread "C2 CompilerThread2" daemon [_thread_in_native, id=28404, stack(0x0000000017770000,0x0000000017870000)]
  0x0000000016fa3000 JavaThread "C2 CompilerThread1" daemon [_thread_in_native, id=20284, stack(0x0000000017670000,0x0000000017770000)]
=>0x0000000016f9f800 JavaThread "C2 CompilerThread0" daemon [_thread_in_native, id=7840, stack(0x0000000017570000,0x0000000017670000)]
  0x0000000016fae800 JavaThread "Attach Listener" daemon [_thread_blocked, id=27740, stack(0x0000000017470000,0x0000000017570000)]
  0x0000000016fac000 JavaThread "Signal Dispatcher" daemon [_thread_blocked, id=11084, stack(0x0000000017370000,0x0000000017470000)]
  0x000000000247c000 JavaThread "Finalizer" daemon [_thread_blocked, id=26472, stack(0x0000000016e70000,0x0000000016f70000)]
  0x0000000014f9d000 JavaThread "Reference Handler" daemon [_thread_blocked, id=34536, stack(0x0000000016d70000,0x0000000016e70000)]
  0x0000000002383800 JavaThread "main" [_thread_in_vm, id=14508, stack(0x0000000002240000,0x0000000002340000)]

Other Threads:
  0x0000000014f98800 VMThread [stack: 0x0000000016c70000,0x0000000016d70000] [id=16364]
  0x0000000017037800 WatcherThread [stack: 0x0000000017a70000,0x0000000017b70000] [id=15952]

VM state:not at safepoint (normal execution)

VM Mutex/Monitor currently owned by a thread: None

Heap:
 PSYoungGen      total 53248K, used 36028K [0x00000000eab00000, 0x00000000ef500000, 0x0000000100000000)
  eden space 49152K, 65% used [0x00000000eab00000,0x00000000eca47368,0x00000000edb00000)
  from space 4096K, 97% used [0x00000000ef100000,0x00000000ef4e7e20,0x00000000ef500000)
  to   space 5120K, 0% used [0x00000000eeb00000,0x00000000eeb00000,0x00000000ef000000)
 ParOldGen       total 87552K, used 6524K [0x00000000c0000000, 0x00000000c5580000, 0x00000000eab00000)
  object space 87552K, 7% used [0x00000000c0000000,0x00000000c065f210,0x00000000c5580000)
 Metaspace       used 27686K, capacity 27948K, committed 28160K, reserved 1073152K
  class space    used 5238K, capacity 5322K, committed 5376K, reserved 1048576K

Card table byte_map: [0x0000000011840000,0x0000000011a50000] byte_map_base: 0x0000000011240000

Marking Bits: (ParMarkBitMap*) 0x000000006bc64040
 Begin Bits: [0x00000000123b0000, 0x00000000133b0000)
 End Bits:   [0x00000000133b0000, 0x00000000143b0000)

Polling page: 0x0000000000990000

CodeCache: size=245760Kb used=6958Kb max_used=6967Kb free=238801Kb
 bounds [0x0000000002480000, 0x0000000002b60000, 0x0000000011480000]
 total_blobs=2953 nmethods=2552 adapters=312
 compilation: enabled

Compilation events (10 events):
Event: 2.092 Thread 0x0000000014fa9000 nmethod 2514 0x0000000002b341d0 code [0x0000000002b34360, 0x0000000002b34818]
Event: 2.092 Thread 0x0000000014fa9000 2516       3       scala.collection.IndexedSeqLike$Elements::hasNext (17 bytes)
Event: 2.093 Thread 0x0000000014fa9000 nmethod 2516 0x0000000002b33e10 code [0x0000000002b33f60, 0x0000000002b34130]
Event: 2.093 Thread 0x0000000014fa9000 2515       3       scala.collection.IndexedSeqLike$Elements::index_$eq (6 bytes)
Event: 2.093 Thread 0x0000000014fa9000 nmethod 2515 0x0000000002b33ad0 code [0x0000000002b33c20, 0x0000000002b33d70]
Event: 2.093 Thread 0x0000000014fa9000 2517       3       scala.collection.immutable.HashSet$HashTrieSet::foreach (29 bytes)
Event: 2.093 Thread 0x0000000014fa9000 nmethod 2517 0x0000000002b33510 code [0x0000000002b33680, 0x0000000002b339a8]
Event: 2.093 Thread 0x0000000014fa9000 2518       3       sbt.Load$$anonfun$4::apply (9 bytes)
Event: 2.094 Thread 0x0000000014fa9000 nmethod 2518 0x0000000002b32ed0 code [0x0000000002b33040, 0x0000000002b333f0]
Event: 2.094 Thread 0x0000000014fa9000 2519       3       sbt.Load$$anonfun$4::apply (5 bytes)

GC Heap History (10 events):
Event: 0.571 GC heap before
{Heap before GC invocations=1 (full 0):
 PSYoungGen      total 38400K, used 33280K [0x00000000eab00000, 0x00000000ed580000, 0x0000000100000000)
  eden space 33280K, 100% used [0x00000000eab00000,0x00000000ecb80000,0x00000000ecb80000)
  from space 5120K, 0% used [0x00000000ed080000,0x00000000ed080000,0x00000000ed580000)
  to   space 5120K, 0% used [0x00000000ecb80000,0x00000000ecb80000,0x00000000ed080000)
 ParOldGen       total 87552K, used 0K [0x00000000c0000000, 0x00000000c5580000, 0x00000000eab00000)
  object space 87552K, 0% used [0x00000000c0000000,0x00000000c0000000,0x00000000c5580000)
 Metaspace       used 10378K, capacity 10820K, committed 11008K, reserved 1058816K
  class space    used 1579K, capacity 1668K, committed 1792K, reserved 1048576K
Event: 0.575 GC heap after
Heap after GC invocations=1 (full 0):
 PSYoungGen      total 38400K, used 5117K [0x00000000eab00000, 0x00000000ed580000, 0x0000000100000000)
  eden space 33280K, 0% used [0x00000000eab00000,0x00000000eab00000,0x00000000ecb80000)
  from space 5120K, 99% used [0x00000000ecb80000,0x00000000ed07f520,0x00000000ed080000)
  to   space 5120K, 0% used [0x00000000ed080000,0x00000000ed080000,0x00000000ed580000)
 ParOldGen       total 87552K, used 1485K [0x00000000c0000000, 0x00000000c5580000, 0x00000000eab00000)
  object space 87552K, 1% used [0x00000000c0000000,0x00000000c0173400,0x00000000c5580000)
 Metaspace       used 10378K, capacity 10820K, committed 11008K, reserved 1058816K
  class space    used 1579K, capacity 1668K, committed 1792K, reserved 1048576K
}
Event: 1.156 GC heap before
{Heap before GC invocations=2 (full 0):
 PSYoungGen      total 38400K, used 38397K [0x00000000eab00000, 0x00000000ed580000, 0x0000000100000000)
  eden space 33280K, 100% used [0x00000000eab00000,0x00000000ecb80000,0x00000000ecb80000)
  from space 5120K, 99% used [0x00000000ecb80000,0x00000000ed07f520,0x00000000ed080000)
  to   space 5120K, 0% used [0x00000000ed080000,0x00000000ed080000,0x00000000ed580000)
 ParOldGen       total 87552K, used 1485K [0x00000000c0000000, 0x00000000c5580000, 0x00000000eab00000)
  object space 87552K, 1% used [0x00000000c0000000,0x00000000c0173400,0x00000000c5580000)
 Metaspace       used 16067K, capacity 16308K, committed 16384K, reserved 1062912K
  class space    used 2707K, capacity 2788K, committed 2816K, reserved 1048576K
Event: 1.161 GC heap after
Heap after GC invocations=2 (full 0):
 PSYoungGen      total 38400K, used 5101K [0x00000000eab00000, 0x00000000ed580000, 0x0000000100000000)
  eden space 33280K, 0% used [0x00000000eab00000,0x00000000eab00000,0x00000000ecb80000)
  from space 5120K, 99% used [0x00000000ed080000,0x00000000ed57b768,0x00000000ed580000)
  to   space 5120K, 0% used [0x00000000ecb80000,0x00000000ecb80000,0x00000000ed080000)
 ParOldGen       total 87552K, used 3351K [0x00000000c0000000, 0x00000000c5580000, 0x00000000eab00000)
  object space 87552K, 3% used [0x00000000c0000000,0x00000000c0345f40,0x00000000c5580000)
 Metaspace       used 16067K, capacity 16308K, committed 16384K, reserved 1062912K
  class space    used 2707K, capacity 2788K, committed 2816K, reserved 1048576K
}
Event: 1.398 GC heap before
{Heap before GC invocations=3 (full 0):
 PSYoungGen      total 38400K, used 23734K [0x00000000eab00000, 0x00000000ed580000, 0x0000000100000000)
  eden space 33280K, 55% used [0x00000000eab00000,0x00000000ebd32100,0x00000000ecb80000)
  from space 5120K, 99% used [0x00000000ed080000,0x00000000ed57b768,0x00000000ed580000)
  to   space 5120K, 0% used [0x00000000ecb80000,0x00000000ecb80000,0x00000000ed080000)
 ParOldGen       total 87552K, used 3351K [0x00000000c0000000, 0x00000000c5580000, 0x00000000eab00000)
  object space 87552K, 3% used [0x00000000c0000000,0x00000000c0345f40,0x00000000c5580000)
 Metaspace       used 20905K, capacity 21140K, committed 21296K, reserved 1067008K
  class space    used 3591K, capacity 3652K, committed 3712K, reserved 1048576K
Event: 1.402 GC heap after
Heap after GC invocations=3 (full 0):
 PSYoungGen      total 38400K, used 5093K [0x00000000eab00000, 0x00000000ef600000, 0x0000000100000000)
  eden space 33280K, 0% used [0x00000000eab00000,0x00000000eab00000,0x00000000ecb80000)
  from space 5120K, 99% used [0x00000000ecb80000,0x00000000ed079508,0x00000000ed080000)
  to   space 5120K, 0% used [0x00000000ef100000,0x00000000ef100000,0x00000000ef600000)
 ParOldGen       total 87552K, used 5104K [0x00000000c0000000, 0x00000000c5580000, 0x00000000eab00000)
  object space 87552K, 5% used [0x00000000c0000000,0x00000000c04fc3c0,0x00000000c5580000)
 Metaspace       used 20905K, capacity 21140K, committed 21296K, reserved 1067008K
  class space    used 3591K, capacity 3652K, committed 3712K, reserved 1048576K
}
Event: 1.402 GC heap before
{Heap before GC invocations=4 (full 1):
 PSYoungGen      total 38400K, used 5093K [0x00000000eab00000, 0x00000000ef600000, 0x0000000100000000)
  eden space 33280K, 0% used [0x00000000eab00000,0x00000000eab00000,0x00000000ecb80000)
  from space 5120K, 99% used [0x00000000ecb80000,0x00000000ed079508,0x00000000ed080000)
  to   space 5120K, 0% used [0x00000000ef100000,0x00000000ef100000,0x00000000ef600000)
 ParOldGen       total 87552K, used 5104K [0x00000000c0000000, 0x00000000c5580000, 0x00000000eab00000)
  object space 87552K, 5% used [0x00000000c0000000,0x00000000c04fc3c0,0x00000000c5580000)
 Metaspace       used 20905K, capacity 21140K, committed 21296K, reserved 1067008K
  class space    used 3591K, capacity 3652K, committed 3712K, reserved 1048576K
Event: 1.417 GC heap after
Heap after GC invocations=4 (full 1):
 PSYoungGen      total 38400K, used 0K [0x00000000eab00000, 0x00000000ef600000, 0x0000000100000000)
  eden space 33280K, 0% used [0x00000000eab00000,0x00000000eab00000,0x00000000ecb80000)
  from space 5120K, 0% used [0x00000000ecb80000,0x00000000ecb80000,0x00000000ed080000)
  to   space 5120K, 0% used [0x00000000ef100000,0x00000000ef100000,0x00000000ef600000)
 ParOldGen       total 87552K, used 6524K [0x00000000c0000000, 0x00000000c5580000, 0x00000000eab00000)
  object space 87552K, 7% used [0x00000000c0000000,0x00000000c065f210,0x00000000c5580000)
 Metaspace       used 20905K, capacity 21140K, committed 21296K, reserved 1067008K
  class space    used 3591K, capacity 3652K, committed 3712K, reserved 1048576K
}
Event: 1.790 GC heap before
{Heap before GC invocations=5 (full 1):
 PSYoungGen      total 38400K, used 33280K [0x00000000eab00000, 0x00000000ef600000, 0x0000000100000000)
  eden space 33280K, 100% used [0x00000000eab00000,0x00000000ecb80000,0x00000000ecb80000)
  from space 5120K, 0% used [0x00000000ecb80000,0x00000000ecb80000,0x00000000ed080000)
  to   space 5120K, 0% used [0x00000000ef100000,0x00000000ef100000,0x00000000ef600000)
 ParOldGen       total 87552K, used 6524K [0x00000000c0000000, 0x00000000c5580000, 0x00000000eab00000)
  object space 87552K, 7% used [0x00000000c0000000,0x00000000c065f210,0x00000000c5580000)
 Metaspace       used 24586K, capacity 24876K, committed 25088K, reserved 1069056K
  class space    used 4427K, capacity 4490K, committed 4608K, reserved 1048576K
Event: 1.794 GC heap after
Heap after GC invocations=5 (full 1):
 PSYoungGen      total 53248K, used 3999K [0x00000000eab00000, 0x00000000ef500000, 0x0000000100000000)
  eden space 49152K, 0% used [0x00000000eab00000,0x00000000eab00000,0x00000000edb00000)
  from space 4096K, 97% used [0x00000000ef100000,0x00000000ef4e7e20,0x00000000ef500000)
  to   space 5120K, 0% used [0x00000000eeb00000,0x00000000eeb00000,0x00000000ef000000)
 ParOldGen       total 87552K, used 6524K [0x00000000c0000000, 0x00000000c5580000, 0x00000000eab00000)
  object space 87552K, 7% used [0x00000000c0000000,0x00000000c065f210,0x00000000c5580000)
 Metaspace       used 24586K, capacity 24876K, committed 25088K, reserved 1069056K
  class space    used 4427K, capacity 4490K, committed 4608K, reserved 1048576K
}

Deoptimization events (10 events):
Event: 1.868 Thread 0x0000000002383800 Uncommon trap: reason=class_check action=maybe_recompile pc=0x0000000002979cb8 method=scala.runtime.ScalaRunTime$.array_update(Ljava/lang/Object;ILjava/lang/Object;)V @ 8
Event: 1.868 Thread 0x0000000002383800 Uncommon trap: reason=class_check action=maybe_recompile pc=0x0000000002979cb8 method=scala.runtime.ScalaRunTime$.array_update(Ljava/lang/Object;ILjava/lang/Object;)V @ 8
Event: 1.868 Thread 0x0000000002383800 Uncommon trap: reason=class_check action=maybe_recompile pc=0x0000000002979cb8 method=scala.runtime.ScalaRunTime$.array_update(Ljava/lang/Object;ILjava/lang/Object;)V @ 8
Event: 2.049 Thread 0x000000001f480000 Uncommon trap: reason=unstable_if action=reinterpret pc=0x000000000271eb40 method=java.util.concurrent.ConcurrentHashMap.putVal(Ljava/lang/Object;Ljava/lang/Object;Z)Ljava/lang/Object; @ 98
Event: 2.059 Thread 0x000000001950b000 Uncommon trap: reason=unstable_if action=reinterpret pc=0x00000000029c6cec method=java.net.URI.match(CJJ)Z @ 45
Event: 2.061 Thread 0x000000001b00d000 Uncommon trap: reason=unstable_if action=reinterpret pc=0x00000000027bef60 method=java.net.URI.match(CJJ)Z @ 45
Event: 2.075 Thread 0x0000000002383800 Uncommon trap: reason=bimorphic action=maybe_recompile pc=0x0000000002ad8d28 method=scala.collection.immutable.HashMap$HashMap1.get0(Ljava/lang/Object;II)Lscala/Option; @ 73
Event: 2.075 Thread 0x0000000002383800 Uncommon trap: reason=bimorphic action=maybe_recompile pc=0x0000000002ad8d28 method=scala.collection.immutable.HashMap$HashMap1.get0(Ljava/lang/Object;II)Lscala/Option; @ 73
Event: 2.075 Thread 0x0000000002383800 Uncommon trap: reason=bimorphic action=maybe_recompile pc=0x0000000002ad8d28 method=scala.collection.immutable.HashMap$HashMap1.get0(Ljava/lang/Object;II)Lscala/Option; @ 73
Event: 2.075 Thread 0x0000000002383800 Uncommon trap: reason=bimorphic action=maybe_recompile pc=0x0000000002ad8d28 method=scala.collection.immutable.HashMap$HashMap1.get0(Ljava/lang/Object;II)Lscala/Option; @ 73

Internal exceptions (10 events):
Event: 1.471 Thread 0x0000000002383800 Exception <a 'java/lang/ClassNotFoundException': scala/reflect/ScalaLongSignature> (0x00000000ead05820) thrown at [D:\re\workspace\8-2-build-windows-amd64-cygwin\jdk8u40\2855\hotspot\src\share\vm\classfile\systemDictionary.cpp, line 210]
Event: 1.471 Thread 0x0000000002383800 Exception <a 'java/lang/ArrayIndexOutOfBoundsException'> (0x00000000ead0bca8) thrown at [D:\re\workspace\8-2-build-windows-amd64-cygwin\jdk8u40\2855\hotspot\src\share\vm\runtime\sharedRuntime.cpp, line 605]
Event: 1.472 Thread 0x0000000002383800 Exception <a 'java/lang/ArrayIndexOutOfBoundsException'> (0x00000000ead0ce40) thrown at [D:\re\workspace\8-2-build-windows-amd64-cygwin\jdk8u40\2855\hotspot\src\share\vm\runtime\sharedRuntime.cpp, line 605]
Event: 1.473 Thread 0x0000000002383800 Exception <a 'java/lang/ClassNotFoundException': scala/reflect/ScalaSignature> (0x00000000ead16b40) thrown at [D:\re\workspace\8-2-build-windows-amd64-cygwin\jdk8u40\2855\hotspot\src\share\vm\classfile\systemDictionary.cpp, line 210]
Event: 1.473 Thread 0x0000000002383800 Exception <a 'java/lang/ClassNotFoundException': scala/reflect/ScalaLongSignature> (0x00000000ead17258) thrown at [D:\re\workspace\8-2-build-windows-amd64-cygwin\jdk8u40\2855\hotspot\src\share\vm\classfile\systemDictionary.cpp, line 210]
Event: 1.475 Thread 0x0000000002383800 Exception <a 'java/lang/ClassNotFoundException': scala/reflect/ScalaSignature> (0x00000000ead2b378) thrown at [D:\re\workspace\8-2-build-windows-amd64-cygwin\jdk8u40\2855\hotspot\src\share\vm\classfile\systemDictionary.cpp, line 210]
Event: 1.475 Thread 0x0000000002383800 Exception <a 'java/lang/ClassNotFoundException': scala/reflect/ScalaLongSignature> (0x00000000ead2ba90) thrown at [D:\re\workspace\8-2-build-windows-amd64-cygwin\jdk8u40\2855\hotspot\src\share\vm\classfile\systemDictionary.cpp, line 210]
Event: 1.477 Thread 0x0000000002383800 Exception <a 'java/lang/ClassNotFoundException': scala/reflect/ScalaSignature> (0x00000000ead3af38) thrown at [D:\re\workspace\8-2-build-windows-amd64-cygwin\jdk8u40\2855\hotspot\src\share\vm\classfile\systemDictionary.cpp, line 210]
Event: 1.477 Thread 0x0000000002383800 Exception <a 'java/lang/ClassNotFoundException': scala/reflect/ScalaLongSignature> (0x00000000ead3b4c0) thrown at [D:\re\workspace\8-2-build-windows-amd64-cygwin\jdk8u40\2855\hotspot\src\share\vm\classfile\systemDictionary.cpp, line 210]
Event: 1.478 Thread 0x0000000002383800 Exception <a 'java/lang/ArrayIndexOutOfBoundsException'> (0x00000000ead40360) thrown at [D:\re\workspace\8-2-build-windows-amd64-cygwin\jdk8u40\2855\hotspot\src\share\vm\runtime\sharedRuntime.cpp, line 605]

Events (10 events):
Event: 2.087 loading class sbt/Index$
Event: 2.087 loading class sbt/Index$ done
Event: 2.087 loading class sbt/Index$$anonfun$allKeys$1
Event: 2.087 loading class sbt/Index$$anonfun$allKeys$1 done
Event: 2.089 loading class sbt/Index$$anonfun$allKeys$2
Event: 2.089 loading class sbt/Index$$anonfun$allKeys$2 done
Event: 2.092 loading class sbt/Index$$anonfun$attributeKeys$1
Event: 2.092 loading class sbt/Index$$anonfun$attributeKeys$1 done
Event: 2.093 loading class sbt/Load$$anonfun$4
Event: 2.093 loading class sbt/Load$$anonfun$4 done


Dynamic libraries:
0x00007ff66df90000 - 0x00007ff66dfc7000 	C:\Program Files\Java\jdk1.8.0_40\jre\bin\java.exe
0x00007ffb3b630000 - 0x00007ffb3b7f1000 	C:\WINDOWS\SYSTEM32\ntdll.dll
0x00007ffb39870000 - 0x00007ffb3991d000 	C:\WINDOWS\system32\KERNEL32.DLL
0x00007ffb37e60000 - 0x00007ffb38048000 	C:\WINDOWS\system32\KERNELBASE.dll
0x00007ffb35fb0000 - 0x00007ffb36029000 	C:\WINDOWS\system32\apphelp.dll
0x00007ffb39320000 - 0x00007ffb393c7000 	C:\WINDOWS\system32\ADVAPI32.dll
0x00007ffb3b300000 - 0x00007ffb3b39d000 	C:\WINDOWS\system32\msvcrt.dll
0x00007ffb38f90000 - 0x00007ffb38feb000 	C:\WINDOWS\system32\sechost.dll
0x00007ffb38a30000 - 0x00007ffb38b4c000 	C:\WINDOWS\system32\RPCRT4.dll
0x00007ffb39560000 - 0x00007ffb396b6000 	C:\WINDOWS\system32\USER32.dll
0x00007ffb393d0000 - 0x00007ffb39556000 	C:\WINDOWS\system32\GDI32.dll
0x00007ffb31a10000 - 0x00007ffb31c84000 	C:\WINDOWS\WinSxS\amd64_microsoft.windows.common-controls_6595b64144ccf1df_6.0.10586.0_none_8c15ae12515e1c22\COMCTL32.dll
0x00007ffb390a0000 - 0x00007ffb3931d000 	C:\WINDOWS\system32\combase.dll
0x00007ffb387f0000 - 0x00007ffb3885a000 	C:\WINDOWS\system32\bcryptPrimitives.dll
0x00007ffb3b2c0000 - 0x00007ffb3b2fb000 	C:\WINDOWS\system32\IMM32.DLL
0x000000006d580000 - 0x000000006d652000 	C:\Program Files\Java\jdk1.8.0_40\jre\bin\msvcr100.dll
0x000000006b460000 - 0x000000006bce3000 	C:\Program Files\Java\jdk1.8.0_40\jre\bin\server\jvm.dll
0x00007ffb3b3a0000 - 0x00007ffb3b3a8000 	C:\WINDOWS\system32\PSAPI.DLL
0x00007ffb24950000 - 0x00007ffb24959000 	C:\WINDOWS\SYSTEM32\WSOCK32.dll
0x00007ffb36400000 - 0x00007ffb36423000 	C:\WINDOWS\SYSTEM32\WINMM.dll
0x00007ffb33430000 - 0x00007ffb3343a000 	C:\WINDOWS\SYSTEM32\VERSION.dll
0x00007ffb39730000 - 0x00007ffb3979b000 	C:\WINDOWS\system32\WS2_32.dll
0x0000000002210000 - 0x000000000223c000 	C:\WINDOWS\SYSTEM32\WINMMBASE.dll
0x00007ffb37ce0000 - 0x00007ffb37d23000 	C:\WINDOWS\system32\cfgmgr32.dll
0x000000006d530000 - 0x000000006d53f000 	C:\Program Files\Java\jdk1.8.0_40\jre\bin\verify.dll
0x000000006d500000 - 0x000000006d529000 	C:\Program Files\Java\jdk1.8.0_40\jre\bin\java.dll
0x000000006cd40000 - 0x000000006cd56000 	C:\Program Files\Java\jdk1.8.0_40\jre\bin\zip.dll
0x00007ffb39b50000 - 0x00007ffb3b0ac000 	C:\WINDOWS\system32\SHELL32.dll
0x00007ffb38110000 - 0x00007ffb38755000 	C:\WINDOWS\system32\windows.storage.dll
0x00007ffb39a90000 - 0x00007ffb39ae2000 	C:\WINDOWS\system32\shlwapi.dll
0x00007ffb37c60000 - 0x00007ffb37c6f000 	C:\WINDOWS\system32\kernel.appcore.dll
0x00007ffb38050000 - 0x00007ffb38105000 	C:\WINDOWS\system32\shcore.dll
0x00007ffb37c90000 - 0x00007ffb37cdb000 	C:\WINDOWS\system32\powrprof.dll
0x00007ffb37c70000 - 0x00007ffb37c84000 	C:\WINDOWS\system32\profapi.dll
0x000000006c6a0000 - 0x000000006c6ba000 	C:\Program Files\Java\jdk1.8.0_40\jre\bin\net.dll
0x00007ffb37580000 - 0x00007ffb375dc000 	C:\WINDOWS\system32\mswsock.dll
0x000000006b440000 - 0x000000006b451000 	C:\Program Files\Java\jdk1.8.0_40\jre\bin\nio.dll
0x00007ffb37630000 - 0x00007ffb37647000 	C:\WINDOWS\SYSTEM32\CRYPTSP.dll
0x00007ffb37260000 - 0x00007ffb37294000 	C:\WINDOWS\system32\rsaenh.dll
0x00007ffb37b80000 - 0x00007ffb37ba9000 	C:\WINDOWS\SYSTEM32\bcrypt.dll
0x00007ffb37410000 - 0x00007ffb3742f000 	C:\WINDOWS\SYSTEM32\USERENV.dll
0x00007ffb37750000 - 0x00007ffb3775b000 	C:\WINDOWS\SYSTEM32\CRYPTBASE.dll
0x00007ffb34b80000 - 0x00007ffb34bb8000 	C:\WINDOWS\SYSTEM32\IPHLPAPI.DLL
0x00007ffb39920000 - 0x00007ffb39928000 	C:\WINDOWS\system32\NSI.dll
0x00007ffb33fd0000 - 0x00007ffb33fe6000 	C:\WINDOWS\SYSTEM32\dhcpcsvc6.DLL
0x00007ffb33ef0000 - 0x00007ffb33f0a000 	C:\WINDOWS\SYSTEM32\dhcpcsvc.DLL
0x00007ffb22d50000 - 0x00007ffb22d5a000 	C:\Users\anthony\AppData\Local\Temp\jansi-64-1-5786663963123087108.11
0x00007ffb2a670000 - 0x00007ffb2a7fc000 	C:\WINDOWS\SYSTEM32\dbghelp.dll

VM Arguments:
jvm_args: -Xmx1024m -Xms128m -Xss1m -XX:+UseCodeCacheFlushing -XX:+CMSClassUnloadingEnabled -XX:MaxPermSize=256m -Djline.terminal=unix -Djline.WindowsTerminal.directConsole=false 
java_command: C:\Program Files\NetBeans 8.1\nbscala\modules\ext\org.netbeans.libs.sbt\1\org-scala-sbt\sbt-launch.jar
java_class_path (initial): C:\Program Files\NetBeans 8.1\nbscala\modules\ext\org.netbeans.libs.sbt\1\org-scala-sbt\sbt-launch.jar
Launcher Type: SUN_STANDARD

Environment Variables:
JAVA_HOME=C:\Program Files (x86)\Java\jdk1.7.0_55
USERNAME=anthony
OS=Windows_NT
PROCESSOR_IDENTIFIER=Intel64 Family 6 Model 60 Stepping 3, GenuineIntel



---------------  S Y S T E M  ---------------

OS: Windows 10.0 , 64 bit Build 10586 (10.0.10586.0)

CPU:total 8 (4 cores per cpu, 2 threads per core) family 6 model 60 stepping 3, cmov, cx8, fxsr, mmx, sse, sse2, sse3, ssse3, sse4.1, sse4.2, popcnt, avx, avx2, aes, clmul, erms, lzcnt, ht, tsc, tscinvbit, bmi1, bmi2

Memory: 4k page, physical 16695048k(2293544k free), swap 49695808k(6988k free)

vm_info: Java HotSpot(TM) 64-Bit Server VM (25.40-b25) for windows-amd64 JRE (1.8.0_40-b25), built on Feb 10 2015 21:53:57 by "java_re" with MS VC++ 10.0 (VS2010)

time: Wed May 25 10:15:48 2016
elapsed time: 2 seconds (0d 0h 0m 2s)

